###############################################################################
#
# IAR ANSI C/C++ Compiler V7.40.3.8902/W32 for ARM        14/Oct/2016  17:33:48
# Copyright 1999-2015 IAR Systems AB.
#
#    Cpu mode     =  thumb
#    Endian       =  little
#    Source file  =  
#        C:\Users\matthew.shing\Documents\Projects\AONE ZigBee Dimmer\AUCH
#        ETRX357\16.10.14
#        v17\EmberZNet5.3.0-GA\em35x\app\framework\plugin\address-table\address-table-cli.c
#    Command line =  
#        "C:\Users\matthew.shing\Documents\Projects\AONE ZigBee Dimmer\AUCH
#        ETRX357\16.10.14
#        v17\EmberZNet5.3.0-GA\em35x\app\framework\plugin\address-table\address-table-cli.c"
#        -D
#        "GENERATED_TOKEN_HEADER=\"app/builder/Aurora_dimmer/Aurora_dimmer_tokens.h\""
#        -D "ZA_GENERATED_HEADER=\"app/builder/Aurora_dimmer/Aurora_dimmer.h\""
#        -D APP_BTL -D "BOARD_HEADER=\"../../../16.10.14
#        v17/EmberZNet5.3.0-GA/em35x/app/builder/Aurora_dimmer/Aurora_dimmer_board.h\""
#        -D "PLATFORM_HEADER=\"hal/micro/cortexm3/compiler/iar.h\"" -D CORTEXM3
#        -D CORTEXM3_EMBER_MICRO -D CORTEXM3_EM357 -D PHY_EM3XX -D
#        "APPLICATION_TOKEN_HEADER=\"app/framework/util/tokens.h\"" -D
#        "CONFIGURATION_HEADER=\"app/framework/util/config.h\"" -D
#        "ATTRIBUTE_STORAGE_CONFIGURATION=\"app/builder/Aurora_dimmer/Aurora_dimmer_endpoint_config.h\""
#        -D "__SOURCEFILE__=\"address-table-cli.c\"" -lC
#        "C:\Users\matthew.shing\Documents\Projects\AONE ZigBee Dimmer\AUCH
#        ETRX357\16.10.14 v17\EmberZNet5.3.0-GA\em35x\build\Aurora_dimmer\"
#        --diag_suppress Pa050 -o
#        "C:\Users\matthew.shing\Documents\Projects\AONE ZigBee Dimmer\AUCH
#        ETRX357\16.10.14 v17\EmberZNet5.3.0-GA\em35x\build\Aurora_dimmer\"
#        --debug --endian=little --cpu=Cortex-M3 -e --fpu=None --dlib_config
#        "C:\Program Files (x86)\IAR Systems\Embedded Workbench
#        7.2\arm\INC\c\DLib_Config_Normal.h" -I
#        "C:\Users\matthew.shing\Documents\Projects\AONE ZigBee Dimmer\AUCH
#        ETRX357\16.10.14
#        v17\EmberZNet5.3.0-GA\em35x\app\framework\plugin\address-table\" -I
#        "C:\Users\matthew.shing\Documents\Projects\AONE ZigBee Dimmer\AUCH
#        ETRX357\16.10.14
#        v17\EmberZNet5.3.0-GA\em35x\app\builder\Aurora_dimmer\" -I
#        "C:\Users\matthew.shing\Documents\Projects\AONE ZigBee Dimmer\AUCH
#        ETRX357\16.10.14
#        v17\EmberZNet5.3.0-GA\em35x\app\builder\Aurora_dimmer\..\..\..\" -I
#        "C:\Users\matthew.shing\Documents\Projects\AONE ZigBee Dimmer\AUCH
#        ETRX357\16.10.14
#        v17\EmberZNet5.3.0-GA\em35x\app\builder\Aurora_dimmer\..\..\..\app\framework\include\"
#        -I "C:\Users\matthew.shing\Documents\Projects\AONE ZigBee Dimmer\AUCH
#        ETRX357\16.10.14
#        v17\EmberZNet5.3.0-GA\em35x\app\builder\Aurora_dimmer\..\..\..\..\..\..\16.09.23
#        Fixedonoff\EmberZNet5.3.0-GA\em35x\" -I
#        "C:\Users\matthew.shing\Documents\Projects\AONE ZigBee Dimmer\AUCH
#        ETRX357\16.10.14
#        v17\EmberZNet5.3.0-GA\em35x\app\builder\Aurora_dimmer\..\..\..\..\..\..\16.09.23
#        Fixedonoff\EmberZNet5.3.0-GA\em35x\stack\" -I
#        "C:\Users\matthew.shing\Documents\Projects\AONE ZigBee Dimmer\AUCH
#        ETRX357\16.10.14
#        v17\EmberZNet5.3.0-GA\em35x\app\builder\Aurora_dimmer\..\..\..\..\..\..\16.09.23
#        Fixedonoff\EmberZNet5.3.0-GA\em35x\hal\" -I
#        "C:\Users\matthew.shing\Documents\Projects\AONE ZigBee Dimmer\AUCH
#        ETRX357\16.10.14
#        v17\EmberZNet5.3.0-GA\em35x\app\builder\Aurora_dimmer\..\..\..\..\..\..\16.09.23
#        Fixedonoff\EmberZNet5.3.0-GA\em35x\hal\..\" -Ohz --use_c++_inline
#    List file    =  
#        C:\Users\matthew.shing\Documents\Projects\AONE ZigBee Dimmer\AUCH
#        ETRX357\16.10.14
#        v17\EmberZNet5.3.0-GA\em35x\build\Aurora_dimmer\address-table-cli.lst
#    Object file  =  
#        C:\Users\matthew.shing\Documents\Projects\AONE ZigBee Dimmer\AUCH
#        ETRX357\16.10.14
#        v17\EmberZNet5.3.0-GA\em35x\build\Aurora_dimmer\address-table-cli.o
#
###############################################################################

C:\Users\matthew.shing\Documents\Projects\AONE ZigBee Dimmer\AUCH ETRX357\16.10.14 v17\EmberZNet5.3.0-GA\em35x\app\framework\plugin\address-table\address-table-cli.c
      1          // *****************************************************************************
      2          // * address-table-cli.c
      3          // *
      4          // * This code provides support for managing the address table.
      5          // *
      6          // * Copyright 2012 by Ember Corporation. All rights reserved.              *80*
      7          // *****************************************************************************
      8          
      9          #include "app/framework/include/af.h"
     10          #include "app/util/serial/command-interpreter2.h"
     11          
     12          #include "address-table-management.h"
     13          
     14          void emberAfPluginAddressTableAddCommand(void);
     15          void emberAfPluginAddressTableRemoveCommand(void);
     16          void emberAfPluginAddressTableLookupCommand(void);
     17          
     18          #if !defined(EMBER_AF_GENERATE_CLI)
     19          EmberCommandEntry emberAfPluginAddressTableCommands[] = {
     20            emberCommandEntryAction("add", emberAfPluginAddressTableAddCommand,  "b", "Add an entry to the address table."),
     21            emberCommandEntryAction("remove", emberAfPluginAddressTableRemoveCommand,  "b", "Remove an entry from the address table."),
     22            emberCommandEntryAction("lookup", emberAfPluginAddressTableLookupCommand,  "b", "Search for an entry in the address table."),
     23            emberCommandEntryTerminator(),
     24          };
     25          #endif // EMBER_AF_GENERATE_CLI
     26          

   \                                 In section .text, align 2, keep-with-next
     27          void emberAfPluginAddressTableAddCommand(void)
     28          {
   \                     emberAfPluginAddressTableAddCommand: (+1)
   \   00000000   0xB500             PUSH     {LR}
   \   00000002   0xB083             SUB      SP,SP,#+12
     29            int8u index;
     30            EmberEUI64 entry;
     31            emberCopyEui64Argument(0, entry);
   \   00000004   0x.... 0x....      BL       ?Subroutine2
     32          
     33            index = emberAfPluginAddressTableAddEntry(entry);
   \                     ??CrossCallReturnLabel_2: (+1)
   \   00000008   0xA800             ADD      R0,SP,#+0
   \   0000000A   0x.... 0x....      BL       emberAfPluginAddressTableAddEntry
   \   0000000E   0x4602             MOV      R2,R0
     34          
     35            if (index == EMBER_NULL_ADDRESS_TABLE_INDEX) {
   \   00000010   0x2AFF             CMP      R2,#+255
   \   00000012   0xD102             BNE.N    ??emberAfPluginAddressTableAddCommand_0
     36              emberAfCorePrintln("Table full, entry not added");
   \   00000014   0x.... 0x....      ADR.W    R1,?_0
   \   00000018   0x....             B.N      ?Subroutine1
     37            } else {
     38              emberAfCorePrintln("Entry added at position 0x%x", index);
   \                     ??emberAfPluginAddressTableAddCommand_0: (+1)
   \   0000001A   0x.... 0x....      ADR.W    R1,?_1
   \   0000001E   0x....             B.N      ?Subroutine0
     39            }
     40          }

   \                                 In section .text, align 2, keep-with-next
   \                     ?Subroutine1: (+1)
   \   00000000   0x2001             MOVS     R0,#+1
   \   00000002   0x.... 0x....      BL       emberAfPrintln
   \   00000006   0xBD07             POP      {R0-R2,PC}

   \                                 In section .text, align 2, keep-with-next
   \                     ?Subroutine2: (+1)
   \   00000000   0x2301             MOVS     R3,#+1
   \   00000002   0x2208             MOVS     R2,#+8
   \   00000004   0xA900             ADD      R1,SP,#+0
   \   00000006   0x2000             MOVS     R0,#+0
   \   00000008   0x.... 0x....      B.W      emberCopyStringArgument

   \                                 In section .text, align 2, keep-with-next
   \                     ?Subroutine0: (+1)
   \   00000000   0x2001             MOVS     R0,#+1
   \   00000002   0x.... 0x....      BL       emberAfPrintln
   \   00000006   0xBD07             POP      {R0-R2,PC}       ;; return
     41          

   \                                 In section .text, align 2, keep-with-next
     42          void emberAfPluginAddressTableRemoveCommand(void)
     43          {
   \                     emberAfPluginAddressTableRemoveCommand: (+1)
   \   00000000   0xB500             PUSH     {LR}
   \   00000002   0xB083             SUB      SP,SP,#+12
     44            EmberStatus status;
     45            EmberEUI64 entry;
     46            emberCopyEui64Argument(0, entry);
   \   00000004   0x.... 0x....      BL       ?Subroutine2
     47          
     48            status = emberAfPluginAddressTableRemoveEntry(entry);
     49          
     50            if (status == EMBER_SUCCESS) {
   \                     ??CrossCallReturnLabel_1: (+1)
   \   00000008   0xA800             ADD      R0,SP,#+0
   \   0000000A   0x.... 0x....      BL       emberAfPluginAddressTableRemoveEntry
   \   0000000E   0x2800             CMP      R0,#+0
   \   00000010   0xBF0C             ITE      EQ 
   \   00000012   0x.... 0x....      ADREQ.W  R1,?_2
   \   00000016   0x.... 0x....      ADRNE.W  R1,?_3
     51              emberAfCorePrintln("Entry removed");
     52            } else {
     53              emberAfCorePrintln("Entry removal failed");
   \   0000001A                      REQUIRE ?Subroutine1
   \   0000001A                      ;; // Fall through to label ?Subroutine1
     54            }
     55          }
     56          

   \                                 In section .text, align 2, keep-with-next
     57          void emberAfPluginAddressTableLookupCommand(void)
     58          {
   \                     emberAfPluginAddressTableLookupCommand: (+1)
   \   00000000   0xB500             PUSH     {LR}
   \   00000002   0xB083             SUB      SP,SP,#+12
     59            int8u index;
     60            EmberEUI64 entry;
     61            emberCopyEui64Argument(0, entry);
   \   00000004   0x.... 0x....      BL       ?Subroutine2
     62            index = emberAfPluginAddressTableLookupByEui64(entry);
   \                     ??CrossCallReturnLabel_0: (+1)
   \   00000008   0xA800             ADD      R0,SP,#+0
   \   0000000A   0x.... 0x....      BL       emberAfPluginAddressTableLookupByEui64
   \   0000000E   0x4602             MOV      R2,R0
     63          
     64            if (index == EMBER_NULL_ADDRESS_TABLE_INDEX)
   \   00000010   0x2AFF             CMP      R2,#+255
   \   00000012   0xD102             BNE.N    ??emberAfPluginAddressTableLookupCommand_0
     65              emberAfCorePrintln("Entry not found");
   \   00000014   0x.... 0x....      ADR.W    R1,?_4
   \   00000018   0x....             B.N      ?Subroutine1
     66            else
     67              emberAfCorePrintln("Found entry at position 0x%x", index);
   \                     ??emberAfPluginAddressTableLookupCommand_0: (+1)
   \   0000001A   0x.... 0x....      ADR.W    R1,?_5
   \   0000001E                      REQUIRE ?Subroutine0
   \   0000001E                      ;; // Fall through to label ?Subroutine0
     68          }

   \                                 In section .text, align 4, keep-with-next
   \                     ?_0:
   \   00000000   0x54 0x61          DC8 "Table full, entry not added"
   \              0x62 0x6C    
   \              0x65 0x20    
   \              0x66 0x75    
   \              0x6C 0x6C    
   \              0x2C 0x20    
   \              0x65 0x6E    
   \              0x74 0x72    
   \              0x79 0x20    
   \              0x6E 0x6F    
   \              0x74 0x20    
   \              0x61 0x64    
   \              0x64 0x65    
   \              0x64 0x00    

   \                                 In section .text, align 4, keep-with-next
   \                     ?_1:
   \   00000000   0x45 0x6E          DC8 "Entry added at position 0x%x"
   \              0x74 0x72    
   \              0x79 0x20    
   \              0x61 0x64    
   \              0x64 0x65    
   \              0x64 0x20    
   \              0x61 0x74    
   \              0x20 0x70    
   \              0x6F 0x73    
   \              0x69 0x74    
   \              0x69 0x6F    
   \              0x6E 0x20    
   \              0x30 0x78    
   \              0x25 0x78    
   \              0x00         
   \   0000001D   0x00 0x00          DC8 0, 0, 0
   \              0x00         

   \                                 In section .text, align 4, keep-with-next
   \                     ?_2:
   \   00000000   0x45 0x6E          DC8 "Entry removed"
   \              0x74 0x72    
   \              0x79 0x20    
   \              0x72 0x65    
   \              0x6D 0x6F    
   \              0x76 0x65    
   \              0x64 0x00    
   \   0000000E   0x00 0x00          DC8 0, 0

   \                                 In section .text, align 4, keep-with-next
   \                     ?_3:
   \   00000000   0x45 0x6E          DC8 "Entry removal failed"
   \              0x74 0x72    
   \              0x79 0x20    
   \              0x72 0x65    
   \              0x6D 0x6F    
   \              0x76 0x61    
   \              0x6C 0x20    
   \              0x66 0x61    
   \              0x69 0x6C    
   \              0x65 0x64    
   \              0x00         
   \   00000015   0x00 0x00          DC8 0, 0, 0
   \              0x00         

   \                                 In section .text, align 4, keep-with-next
   \                     ?_4:
   \   00000000   0x45 0x6E          DC8 "Entry not found"
   \              0x74 0x72    
   \              0x79 0x20    
   \              0x6E 0x6F    
   \              0x74 0x20    
   \              0x66 0x6F    
   \              0x75 0x6E    
   \              0x64 0x00    

   \                                 In section .text, align 4, keep-with-next
   \                     ?_5:
   \   00000000   0x46 0x6F          DC8 "Found entry at position 0x%x"
   \              0x75 0x6E    
   \              0x64 0x20    
   \              0x65 0x6E    
   \              0x74 0x72    
   \              0x79 0x20    
   \              0x61 0x74    
   \              0x20 0x70    
   \              0x6F 0x73    
   \              0x69 0x74    
   \              0x69 0x6F    
   \              0x6E 0x20    
   \              0x30 0x78    
   \              0x25 0x78    
   \              0x00         
   \   0000001D   0x00 0x00          DC8 0, 0, 0
   \              0x00         
     69          

   Maximum stack usage in bytes:

   .cstack Function
   ------- --------
      16   emberAfPluginAddressTableAddCommand
        16   -> emberAfPluginAddressTableAddEntry
        16   -> emberAfPrintln
        16   -> emberCopyStringArgument
      16   emberAfPluginAddressTableLookupCommand
        16   -> emberAfPluginAddressTableLookupByEui64
        16   -> emberAfPrintln
        16   -> emberCopyStringArgument
      16   emberAfPluginAddressTableRemoveCommand
        16   -> emberAfPluginAddressTableRemoveEntry
        16   -> emberAfPrintln
        16   -> emberCopyStringArgument


   Section sizes:

   Bytes  Function/Label
   -----  --------------
       8  ?Subroutine0
       8  ?Subroutine1
      12  ?Subroutine2
      28  ?_0
      32  ?_1
      16  ?_2
      24  ?_3
      16  ?_4
      32  ?_5
      32  emberAfPluginAddressTableAddCommand
      30  emberAfPluginAddressTableLookupCommand
      26  emberAfPluginAddressTableRemoveCommand

 
 264 bytes in section .text
 
 264 bytes of CODE memory

Errors: none
Warnings: none
