###############################################################################
#
# IAR ANSI C/C++ Compiler V7.40.3.8902/W32 for ARM        14/Oct/2016  17:33:57
# Copyright 1999-2015 IAR Systems AB.
#
#    Cpu mode     =  thumb
#    Endian       =  little
#    Source file  =  
#        C:\Users\matthew.shing\Documents\Projects\AONE ZigBee Dimmer\AUCH
#        ETRX357\16.10.14
#        v17\EmberZNet5.3.0-GA\em35x\app\framework\plugin\aurora-host-protocol\aurora-host-protocol.c
#    Command line =  
#        "C:\Users\matthew.shing\Documents\Projects\AONE ZigBee Dimmer\AUCH
#        ETRX357\16.10.14
#        v17\EmberZNet5.3.0-GA\em35x\app\framework\plugin\aurora-host-protocol\aurora-host-protocol.c"
#        -D
#        "GENERATED_TOKEN_HEADER=\"app/builder/Aurora_dimmer/Aurora_dimmer_tokens.h\""
#        -D "ZA_GENERATED_HEADER=\"app/builder/Aurora_dimmer/Aurora_dimmer.h\""
#        -D APP_BTL -D "BOARD_HEADER=\"../../../16.10.14
#        v17/EmberZNet5.3.0-GA/em35x/app/builder/Aurora_dimmer/Aurora_dimmer_board.h\""
#        -D "PLATFORM_HEADER=\"hal/micro/cortexm3/compiler/iar.h\"" -D CORTEXM3
#        -D CORTEXM3_EMBER_MICRO -D CORTEXM3_EM357 -D PHY_EM3XX -D
#        "APPLICATION_TOKEN_HEADER=\"app/framework/util/tokens.h\"" -D
#        "CONFIGURATION_HEADER=\"app/framework/util/config.h\"" -D
#        "ATTRIBUTE_STORAGE_CONFIGURATION=\"app/builder/Aurora_dimmer/Aurora_dimmer_endpoint_config.h\""
#        -D "__SOURCEFILE__=\"aurora-host-protocol.c\"" -lC
#        "C:\Users\matthew.shing\Documents\Projects\AONE ZigBee Dimmer\AUCH
#        ETRX357\16.10.14 v17\EmberZNet5.3.0-GA\em35x\build\Aurora_dimmer\"
#        --diag_suppress Pa050 -o
#        "C:\Users\matthew.shing\Documents\Projects\AONE ZigBee Dimmer\AUCH
#        ETRX357\16.10.14 v17\EmberZNet5.3.0-GA\em35x\build\Aurora_dimmer\"
#        --debug --endian=little --cpu=Cortex-M3 -e --fpu=None --dlib_config
#        "C:\Program Files (x86)\IAR Systems\Embedded Workbench
#        7.2\arm\INC\c\DLib_Config_Normal.h" -I
#        "C:\Users\matthew.shing\Documents\Projects\AONE ZigBee Dimmer\AUCH
#        ETRX357\16.10.14
#        v17\EmberZNet5.3.0-GA\em35x\app\framework\plugin\aurora-host-protocol\"
#        -I "C:\Users\matthew.shing\Documents\Projects\AONE ZigBee Dimmer\AUCH
#        ETRX357\16.10.14
#        v17\EmberZNet5.3.0-GA\em35x\app\builder\Aurora_dimmer\" -I
#        "C:\Users\matthew.shing\Documents\Projects\AONE ZigBee Dimmer\AUCH
#        ETRX357\16.10.14
#        v17\EmberZNet5.3.0-GA\em35x\app\builder\Aurora_dimmer\..\..\..\" -I
#        "C:\Users\matthew.shing\Documents\Projects\AONE ZigBee Dimmer\AUCH
#        ETRX357\16.10.14
#        v17\EmberZNet5.3.0-GA\em35x\app\builder\Aurora_dimmer\..\..\..\app\framework\include\"
#        -I "C:\Users\matthew.shing\Documents\Projects\AONE ZigBee Dimmer\AUCH
#        ETRX357\16.10.14
#        v17\EmberZNet5.3.0-GA\em35x\app\builder\Aurora_dimmer\..\..\..\..\..\..\16.09.23
#        Fixedonoff\EmberZNet5.3.0-GA\em35x\" -I
#        "C:\Users\matthew.shing\Documents\Projects\AONE ZigBee Dimmer\AUCH
#        ETRX357\16.10.14
#        v17\EmberZNet5.3.0-GA\em35x\app\builder\Aurora_dimmer\..\..\..\..\..\..\16.09.23
#        Fixedonoff\EmberZNet5.3.0-GA\em35x\stack\" -I
#        "C:\Users\matthew.shing\Documents\Projects\AONE ZigBee Dimmer\AUCH
#        ETRX357\16.10.14
#        v17\EmberZNet5.3.0-GA\em35x\app\builder\Aurora_dimmer\..\..\..\..\..\..\16.09.23
#        Fixedonoff\EmberZNet5.3.0-GA\em35x\hal\" -I
#        "C:\Users\matthew.shing\Documents\Projects\AONE ZigBee Dimmer\AUCH
#        ETRX357\16.10.14
#        v17\EmberZNet5.3.0-GA\em35x\app\builder\Aurora_dimmer\..\..\..\..\..\..\16.09.23
#        Fixedonoff\EmberZNet5.3.0-GA\em35x\hal\..\" -Ohz --use_c++_inline
#    List file    =  
#        C:\Users\matthew.shing\Documents\Projects\AONE ZigBee Dimmer\AUCH
#        ETRX357\16.10.14
#        v17\EmberZNet5.3.0-GA\em35x\build\Aurora_dimmer\aurora-host-protocol.lst
#    Object file  =  
#        C:\Users\matthew.shing\Documents\Projects\AONE ZigBee Dimmer\AUCH
#        ETRX357\16.10.14
#        v17\EmberZNet5.3.0-GA\em35x\build\Aurora_dimmer\aurora-host-protocol.o
#
###############################################################################

C:\Users\matthew.shing\Documents\Projects\AONE ZigBee Dimmer\AUCH ETRX357\16.10.14 v17\EmberZNet5.3.0-GA\em35x\app\framework\plugin\aurora-host-protocol\aurora-host-protocol.c
      1          #include <string.h>
      2          #include "aurora-host-protocol.h" 
      3          #include "../aurora-level-control/aurora-level-control-hal.h" 
      4          
      5          static void auroraSendCommand(int8u* command);
      6          
      7          static void auroraSendCommand(int8u* command)
      8          {   
      9              int8u mode = getAuroraDimmerMode();    
     10              
     11              if ((mode != AURORA_MODE_RGBW) &&
     12                  (mode != AURORA_MODE_CX) &&
     13                  (mode != AURORA_MODE_DIM))
     14              {
     15                  return;  // Invalid device mode for sending a host serial msg.      
     16              }
     17               
     18              command[0] = AURORA_HOST_START_CODE;  
     19              
     20              command[1] = mode;
     21              
     22              for (int8u i=0; i<8; i++) 
     23              {
     24                  command[8] ^= command[i];        
     25              }
     26              
     27              command[9] = AURORA_HOST_END_CODE;
     28          
     29              debugBuffer(command, 10);    
     30              
     31              for (int8u i=0; i<AURORA_HOST_SEND_TIMES; i++) 
     32              {
     33                  emberSerialWriteData(HOST_SERIAL_PORT, command, 10); 
     34              }
     35          }
     36          

   \                                 In section .text, align 2, keep-with-next
     37          void emberAfPluginAuroraHostProtocolSetRgbColor(t_RGB* RGB)
     38          {
   \                     emberAfPluginAuroraHostProtocolSetRgbColor: (+1)
   \   00000000   0xB53E             PUSH     {R1-R5,LR}
   \   00000002   0x4605             MOV      R5,R0
     39              int8u command[10];
     40              
     41              memset(command, 0, 10);
   \   00000004   0x210A             MOVS     R1,#+10
   \   00000006   0xA800             ADD      R0,SP,#+0
   \   00000008   0x.... 0x....      BL       __aeabi_memclr4
     42              
     43              command[2] = RGB->R;
   \   0000000C   0xAC00             ADD      R4,SP,#+0
   \   0000000E   0x7828             LDRB     R0,[R5, #+0]
   \   00000010   0x70A0             STRB     R0,[R4, #+2]
     44              command[3] = RGB->G;
   \   00000012   0x7868             LDRB     R0,[R5, #+1]
   \   00000014   0x70E0             STRB     R0,[R4, #+3]
     45              command[4] = RGB->B;
   \   00000016   0x78A8             LDRB     R0,[R5, #+2]
   \   00000018   0xF88D 0x0004      STRB     R0,[SP, #+4]
     46              command[5] = RGB->W;
   \   0000001C   0x78E8             LDRB     R0,[R5, #+3]
   \   0000001E   0xF88D 0x0005      STRB     R0,[SP, #+5]
     47                  
     48              auroraSendCommand(command);
   \   00000022   0x.... 0x....      BL       getAuroraDimmerMode
   \   00000026   0x2800             CMP      R0,#+0
   \   00000028   0xBF1C             ITT      NE 
   \   0000002A   0x2801             CMPNE    R0,#+1
   \   0000002C   0x2802             CMPNE    R0,#+2
   \   0000002E   0xD117             BNE.N    ??emberAfPluginAuroraHostProtocolSetRgbColor_0
   \   00000030   0x7060             STRB     R0,[R4, #+1]
   \   00000032   0x21AA             MOVS     R1,#+170
   \   00000034   0xF88D 0x1000      STRB     R1,[SP, #+0]
   \   00000038   0x2000             MOVS     R0,#+0
   \                     ??emberAfPluginAuroraHostProtocolSetRgbColor_1: (+1)
   \   0000003A   0x7A21             LDRB     R1,[R4, #+8]
   \   0000003C   0x5D02             LDRB     R2,[R0, R4]
   \   0000003E   0x1C40             ADDS     R0,R0,#+1
   \   00000040   0x4051             EORS     R1,R2,R1
   \   00000042   0x2808             CMP      R0,#+8
   \   00000044   0x7221             STRB     R1,[R4, #+8]
   \   00000046   0xDBF8             BLT.N    ??emberAfPluginAuroraHostProtocolSetRgbColor_1
   \   00000048   0x2055             MOVS     R0,#+85
   \   0000004A   0xF88D 0x0009      STRB     R0,[SP, #+9]
   \   0000004E   0x210A             MOVS     R1,#+10
   \   00000050   0xA800             ADD      R0,SP,#+0
   \   00000052   0x.... 0x....      BL       debugBuffer
   \   00000056   0x220A             MOVS     R2,#+10
   \   00000058   0xA900             ADD      R1,SP,#+0
   \   0000005A   0x2001             MOVS     R0,#+1
   \   0000005C   0x.... 0x....      BL       emberSerialWriteData
     49          }
   \                     ??emberAfPluginAuroraHostProtocolSetRgbColor_0: (+1)
   \   00000060   0xBD37             POP      {R0-R2,R4,R5,PC}  ;; return
     50          
     51          /** @brief Printf buffer
     52           * Prints the give number of bytes for debug
     53           */

   \                                 In section .text, align 2, keep-with-next
     54          void debugBuffer(int8u* buffer, int8u count)
     55          {
   \                     debugBuffer: (+1)
   \   00000000   0xB5F8             PUSH     {R3-R7,LR}
   \   00000002   0x4604             MOV      R4,R0
   \   00000004   0x460D             MOV      R5,R1
     56              int8u index;
     57           
     58              emberAfDebugPrint("Buffer: %d: ", count);
   \   00000006   0x462A             MOV      R2,R5
   \   00000008   0x.... 0x....      ADR.W    R1,?_0
   \   0000000C   0x2002             MOVS     R0,#+2
   \   0000000E   0x.... 0x....      BL       emberAfPrint
     59              for (index = 0; index < count; index++) 
   \   00000012   0x2600             MOVS     R6,#+0
   \   00000014   0x....             ADR.N    R7,??DataTable3  ;; " %x"
   \   00000016   0xE005             B.N      ??debugBuffer_0
     60              {
     61                  emberAfDebugPrint(" %x", buffer[index]);
   \                     ??debugBuffer_1: (+1)
   \   00000018   0x5D32             LDRB     R2,[R6, R4]
   \   0000001A   0x4639             MOV      R1,R7
   \   0000001C   0x2002             MOVS     R0,#+2
   \   0000001E   0x.... 0x....      BL       emberAfPrint
     62              }
   \   00000022   0x1C76             ADDS     R6,R6,#+1
   \                     ??debugBuffer_0: (+1)
   \   00000024   0xB2F6             UXTB     R6,R6
   \   00000026   0x42AE             CMP      R6,R5
   \   00000028   0xD3F6             BCC.N    ??debugBuffer_1
     63              emberAfDebugPrint("\r\n");
   \   0000002A   0xE8BD 0x40F4      POP      {R2,R4-R7,LR}
   \   0000002E   0x....             ADR.N    R1,??DataTable3_1  ;; 0x0D, 0x0A, 0x00, 0x00
   \   00000030   0x2002             MOVS     R0,#+2
   \   00000032   0x.... 0x....      B.W      emberAfPrint
     64          }

   \                                 In section .text, align 4, keep-with-next
   \                     ??DataTable3:
   \   00000000   0x20 0x25          DC8      " %x"
   \              0x78 0x00    

   \                                 In section .text, align 4, keep-with-next
   \                     ??DataTable3_1:
   \   00000000   0x0D 0x0A          DC8      0x0D, 0x0A, 0x00, 0x00
   \              0x00 0x00    

   \                                 In section .rodata, align 4, keep-with-next
   \                     ?_1:
   \   00000000   0x20 0x25          DC8 " %x"
   \              0x78 0x00    

   \                                 In section .text, align 4, keep-with-next
   \                     ?_0:
   \   00000000   0x42 0x75          DC8 "Buffer: %d: "
   \              0x66 0x66    
   \              0x65 0x72    
   \              0x3A 0x20    
   \              0x25 0x64    
   \              0x3A 0x20    
   \              0x00         
   \   0000000D   0x00 0x00          DC8 0, 0, 0
   \              0x00         

   \                                 In section .rodata, align 4, keep-with-next
   \                     ?_2:
   \   00000000   0x0D 0x0A          DC8 "\015\012"
   \              0x00         
   \   00000003   0x00               DC8 0

   Maximum stack usage in bytes:

   .cstack Function
   ------- --------
      24   debugBuffer
         0   -> emberAfPrint
        24   -> emberAfPrint
      24   emberAfPluginAuroraHostProtocolSetRgbColor
        24   -> __aeabi_memclr4
        24   -> debugBuffer
        24   -> emberSerialWriteData
        24   -> getAuroraDimmerMode


   Section sizes:

   Bytes  Function/Label
   -----  --------------
       4  ??DataTable3
       4  ??DataTable3_1
      16  ?_0
       4  ?_1
       4  ?_2
      54  debugBuffer
      98  emberAfPluginAuroraHostProtocolSetRgbColor

 
   8 bytes in section .rodata
 176 bytes in section .text
 
 176 bytes of CODE  memory
   8 bytes of CONST memory

Errors: none
Warnings: none
