###############################################################################
#
# IAR ANSI C/C++ Compiler V7.40.3.8902/W32 for ARM        14/Oct/2016  17:34:08
# Copyright 1999-2015 IAR Systems AB.
#
#    Cpu mode     =  thumb
#    Endian       =  little
#    Source file  =  
#        C:\Users\matthew.shing\Documents\Projects\AONE ZigBee Dimmer\AUCH
#        ETRX357\16.10.14
#        v17\EmberZNet5.3.0-GA\em35x\app\framework\plugin\concentrator\concentrator-support-cli.c
#    Command line =  
#        "C:\Users\matthew.shing\Documents\Projects\AONE ZigBee Dimmer\AUCH
#        ETRX357\16.10.14
#        v17\EmberZNet5.3.0-GA\em35x\app\framework\plugin\concentrator\concentrator-support-cli.c"
#        -D
#        "GENERATED_TOKEN_HEADER=\"app/builder/Aurora_dimmer/Aurora_dimmer_tokens.h\""
#        -D "ZA_GENERATED_HEADER=\"app/builder/Aurora_dimmer/Aurora_dimmer.h\""
#        -D APP_BTL -D "BOARD_HEADER=\"../../../16.10.14
#        v17/EmberZNet5.3.0-GA/em35x/app/builder/Aurora_dimmer/Aurora_dimmer_board.h\""
#        -D "PLATFORM_HEADER=\"hal/micro/cortexm3/compiler/iar.h\"" -D CORTEXM3
#        -D CORTEXM3_EMBER_MICRO -D CORTEXM3_EM357 -D PHY_EM3XX -D
#        "APPLICATION_TOKEN_HEADER=\"app/framework/util/tokens.h\"" -D
#        "CONFIGURATION_HEADER=\"app/framework/util/config.h\"" -D
#        "ATTRIBUTE_STORAGE_CONFIGURATION=\"app/builder/Aurora_dimmer/Aurora_dimmer_endpoint_config.h\""
#        -D "__SOURCEFILE__=\"concentrator-support-cli.c\"" -lC
#        "C:\Users\matthew.shing\Documents\Projects\AONE ZigBee Dimmer\AUCH
#        ETRX357\16.10.14 v17\EmberZNet5.3.0-GA\em35x\build\Aurora_dimmer\"
#        --diag_suppress Pa050 -o
#        "C:\Users\matthew.shing\Documents\Projects\AONE ZigBee Dimmer\AUCH
#        ETRX357\16.10.14 v17\EmberZNet5.3.0-GA\em35x\build\Aurora_dimmer\"
#        --debug --endian=little --cpu=Cortex-M3 -e --fpu=None --dlib_config
#        "C:\Program Files (x86)\IAR Systems\Embedded Workbench
#        7.2\arm\INC\c\DLib_Config_Normal.h" -I
#        "C:\Users\matthew.shing\Documents\Projects\AONE ZigBee Dimmer\AUCH
#        ETRX357\16.10.14
#        v17\EmberZNet5.3.0-GA\em35x\app\framework\plugin\concentrator\" -I
#        "C:\Users\matthew.shing\Documents\Projects\AONE ZigBee Dimmer\AUCH
#        ETRX357\16.10.14
#        v17\EmberZNet5.3.0-GA\em35x\app\builder\Aurora_dimmer\" -I
#        "C:\Users\matthew.shing\Documents\Projects\AONE ZigBee Dimmer\AUCH
#        ETRX357\16.10.14
#        v17\EmberZNet5.3.0-GA\em35x\app\builder\Aurora_dimmer\..\..\..\" -I
#        "C:\Users\matthew.shing\Documents\Projects\AONE ZigBee Dimmer\AUCH
#        ETRX357\16.10.14
#        v17\EmberZNet5.3.0-GA\em35x\app\builder\Aurora_dimmer\..\..\..\app\framework\include\"
#        -I "C:\Users\matthew.shing\Documents\Projects\AONE ZigBee Dimmer\AUCH
#        ETRX357\16.10.14
#        v17\EmberZNet5.3.0-GA\em35x\app\builder\Aurora_dimmer\..\..\..\..\..\..\16.09.23
#        Fixedonoff\EmberZNet5.3.0-GA\em35x\" -I
#        "C:\Users\matthew.shing\Documents\Projects\AONE ZigBee Dimmer\AUCH
#        ETRX357\16.10.14
#        v17\EmberZNet5.3.0-GA\em35x\app\builder\Aurora_dimmer\..\..\..\..\..\..\16.09.23
#        Fixedonoff\EmberZNet5.3.0-GA\em35x\stack\" -I
#        "C:\Users\matthew.shing\Documents\Projects\AONE ZigBee Dimmer\AUCH
#        ETRX357\16.10.14
#        v17\EmberZNet5.3.0-GA\em35x\app\builder\Aurora_dimmer\..\..\..\..\..\..\16.09.23
#        Fixedonoff\EmberZNet5.3.0-GA\em35x\hal\" -I
#        "C:\Users\matthew.shing\Documents\Projects\AONE ZigBee Dimmer\AUCH
#        ETRX357\16.10.14
#        v17\EmberZNet5.3.0-GA\em35x\app\builder\Aurora_dimmer\..\..\..\..\..\..\16.09.23
#        Fixedonoff\EmberZNet5.3.0-GA\em35x\hal\..\" -Ohz --use_c++_inline
#    List file    =  
#        C:\Users\matthew.shing\Documents\Projects\AONE ZigBee Dimmer\AUCH
#        ETRX357\16.10.14
#        v17\EmberZNet5.3.0-GA\em35x\build\Aurora_dimmer\concentrator-support-cli.lst
#    Object file  =  
#        C:\Users\matthew.shing\Documents\Projects\AONE ZigBee Dimmer\AUCH
#        ETRX357\16.10.14
#        v17\EmberZNet5.3.0-GA\em35x\build\Aurora_dimmer\concentrator-support-cli.o
#
###############################################################################

C:\Users\matthew.shing\Documents\Projects\AONE ZigBee Dimmer\AUCH ETRX357\16.10.14 v17\EmberZNet5.3.0-GA\em35x\app\framework\plugin\concentrator\concentrator-support-cli.c
      1          // *****************************************************************************
      2          // * concentrator-support-cli.c
      3          // *
      4          // * CLI interface to manage the concentrator's periodic MTORR broadcasts.
      5          // *
      6          // * Copyright 2012 by Ember Corporation. All rights reserved.              *80*
      7          // *****************************************************************************
      8          
      9          #include "app/framework/include/af.h"
     10          #include "app/util/serial/command-interpreter2.h"
     11          #include "app/framework/plugin/concentrator/concentrator-support.h"
     12          #include "app/util/source-route-common.h"
     13          
     14          // *****************************************************************************
     15          // Forward Declarations
     16          
     17          void emberAfPluginConcentratorStatus(void);
     18          void emberAfPluginConcentratorStartDiscovery(void);
     19          void emberAfPluginConcentratorAggregationCommand(void);
     20          void emberAfPluginConcentratorPrintSourceRouteTable(void);
     21          void emberAfGetSourceRoute(void);
     22          // *****************************************************************************
     23          // Globals
     24           
     25          #if !defined(EMBER_AF_GENERATE_CLI)
     26          EmberCommandEntry emberAfPluginConcentratorCommands[] = {
     27            emberCommandEntryAction("status", emberAfPluginConcentratorStatus, "",
     28                                    "Prints current status and configured parameters of the concentrator"),
     29            emberCommandEntryAction("start",  emberAfPluginConcentratorStartDiscovery, "",
     30                                    "Starts the periodic broadcast of MTORRs"),
     31            emberCommandEntryAction("stop",   emberAfPluginConcentratorStopDiscovery, "",
     32                                    "Stops the periodic broadcast of MTORRs"),
     33            emberCommandEntryAction("agg", emberAfPluginConcentratorAggregationCommand, "", 
     34                                    "Sends an MTORR broadcast now."),
     35            emberCommandEntryAction("print-table", 
     36                                    emberAfPluginConcentratorPrintSourceRouteTable, 
     37                                    "",
     38                                    "Prints the source route table."),
     39            emberCommandEntryTerminator(),
     40          };
     41          #endif // EMBER_AF_GENERATE_CLI
     42          
     43          // *****************************************************************************
     44          // Functions
     45          

   \                                 In section .text, align 2, keep-with-next
     46          void emberAfPluginConcentratorPrintSourceRouteTable(void)
     47          {
   \                     emberAfPluginConcentratorPrintSourceRouteTable: (+1)
   \   00000000   0xE92D 0x43F8      PUSH     {R3-R9,LR}
     48            int8u i;
     49            // emberAfAppPrintln("Source Route Table\n");
     50            // emberAfAppPrintln(  "index dest    closer  older");
     51            // for (i = 0; i < sourceRouteTableSize; i++) {
     52            //   emberAfAppPrintln("%d:    0x%2X  %d      %d",
     53            //                     i,
     54            //                     sourceRouteTable[i].destination,
     55            //                     sourceRouteTable[i].closerIndex,
     56            //                     sourceRouteTable[i].olderIndex);
     57            // }
     58            emberAfAppPrintln("Source Routes");
   \   00000004   0x.... 0x....      ADR.W    R1,?_0
   \   00000008   0x.... 0x....      ADR.W    R5,?_3
   \   0000000C   0x.... 0x....      ADR.W    R8,?_2
   \   00000010   0x.... 0x....      ADR.W    R9,?_1
   \   00000014   0x....             LDR.N    R6,??DataTable18_3
   \   00000016   0x2004             MOVS     R0,#+4
   \   00000018   0x.... 0x....      BL       emberAfPrintln
     59          
     60            for (i = 0; i < sourceRouteGetCount(); i++) {
   \   0000001C   0x2400             MOVS     R4,#+0
   \   0000001E   0xE014             B.N      ??emberAfPluginConcentratorPrintSourceRouteTabl_0
     61              int8u closerIndex = sourceRouteTable[i].closerIndex;
     62              emberAfAppPrint("%d: 0x%2X -> ", 
     63                              i,
     64                              sourceRouteTable[i].destination);
     65          
     66              while (closerIndex != NULL_INDEX) {
     67                emberAfAppPrint("0x%2X -> ", sourceRouteTable[closerIndex].destination);
   \                     ??emberAfPluginConcentratorPrintSourceRouteTabl_1: (+1)
   \   00000020   0x6830             LDR      R0,[R6, #+0]
   \   00000022   0xF830 0x2027      LDRH     R2,[R0, R7, LSL #+2]
   \   00000026   0x4641             MOV      R1,R8
   \   00000028   0x2004             MOVS     R0,#+4
   \   0000002A   0x.... 0x....      BL       emberAfPrint
     68                closerIndex = sourceRouteTable[closerIndex].closerIndex;
   \   0000002E   0x6830             LDR      R0,[R6, #+0]
   \   00000030   0xEB00 0x0087      ADD      R0,R0,R7, LSL #+2
   \   00000034   0x7887             LDRB     R7,[R0, #+2]
     69              }
   \                     ??emberAfPluginConcentratorPrintSourceRouteTabl_2: (+1)
   \   00000036   0x2FFF             CMP      R7,#+255
   \   00000038   0xD1F2             BNE.N    ??emberAfPluginConcentratorPrintSourceRouteTabl_1
     70              emberAfAppPrintln("0x%2X (Me)", emberAfGetNodeId());
   \   0000003A   0x.... 0x....      BL       emberAfGetNodeId
   \   0000003E   0x4602             MOV      R2,R0
   \   00000040   0x4629             MOV      R1,R5
   \   00000042   0x.... 0x....      BL       ?Subroutine1
   \                     ??CrossCallReturnLabel_7: (+1)
   \   00000046   0x1C64             ADDS     R4,R4,#+1
   \   00000048   0xB2E4             UXTB     R4,R4
   \                     ??emberAfPluginConcentratorPrintSourceRouteTabl_0: (+1)
   \   0000004A   0x.... 0x....      BL       sourceRouteGetCount
   \   0000004E   0x4284             CMP      R4,R0
   \   00000050   0xDA0B             BGE.N    ??emberAfPluginConcentratorPrintSourceRouteTabl_3
   \   00000052   0x6830             LDR      R0,[R6, #+0]
   \   00000054   0xF830 0x3024      LDRH     R3,[R0, R4, LSL #+2]
   \   00000058   0xEB00 0x0184      ADD      R1,R0,R4, LSL #+2
   \   0000005C   0x4622             MOV      R2,R4
   \   0000005E   0x788F             LDRB     R7,[R1, #+2]
   \   00000060   0x4649             MOV      R1,R9
   \   00000062   0x2004             MOVS     R0,#+4
   \   00000064   0x.... 0x....      BL       emberAfPrint
   \   00000068   0xE7E5             B.N      ??emberAfPluginConcentratorPrintSourceRouteTabl_2
     71            }
     72            emberAfAppPrintln("%d of %d total entries.",
     73                              sourceRouteGetCount(),
     74                              sourceRouteTableSize);
   \                     ??emberAfPluginConcentratorPrintSourceRouteTabl_3: (+1)
   \   0000006A   0x.... 0x....      BL       sourceRouteGetCount
   \   0000006E   0xB001             ADD      SP,SP,#+4
   \   00000070   0xE8BD 0x43F0      POP      {R4-R9,LR}
   \   00000074   0x4602             MOV      R2,R0
   \   00000076   0x....             LDR.N    R0,??DataTable18_4
   \   00000078   0x.... 0x....      ADR.W    R1,?_4
   \   0000007C   0x7803             LDRB     R3,[R0, #+0]
   \   0000007E   0x2004             MOVS     R0,#+4
   \   00000080   0x.... 0x....      B.W      emberAfPrintln
     75          }

   \                                 In section .text, align 2, keep-with-next
   \                     ?Subroutine1: (+1)
   \   00000000   0x2004             MOVS     R0,#+4
   \   00000002   0x.... 0x....      B.W      emberAfPrintln
     76          

   \                                 In section .text, align 2, keep-with-next
     77          void emberAfPluginConcentratorStatus(void)
     78          {
   \                     emberAfPluginConcentratorStatus: (+1)
   \   00000000   0xB570             PUSH     {R4-R6,LR}
     79            boolean active = (emberAfPluginConcentratorUpdateEventControl.status
     80                              != EMBER_EVENT_INACTIVE);
   \   00000002   0x....             LDR.N    R4,??DataTable18_5
   \   00000004   0x7825             LDRB     R5,[R4, #+0]
   \   00000006   0xB105             CBZ.N    R5,??emberAfPluginConcentratorStatus_0
   \   00000008   0x2501             MOVS     R5,#+1
     81            int32u nowMS32 = halCommonGetInt32uMillisecondTick();
   \                     ??emberAfPluginConcentratorStatus_0: (+1)
   \   0000000A   0x.... 0x....      BL       halCommonGetInt32uMillisecondTick
     82          
     83            emberAfAppPrintln("Active: %p", 
     84                              (active
     85                               ? "yes"
     86                               : "no"));
   \   0000000E   0x2D00             CMP      R5,#+0
   \   00000010   0x4606             MOV      R6,R0
   \   00000012   0xBF14             ITE      NE 
   \   00000014   0x....             ADRNE.N  R2,??DataTable18  ;; "yes"
   \   00000016   0x....             ADREQ.N  R2,??DataTable18_1  ;; 0x6E, 0x6F, 0x00, 0x00
   \   00000018   0x.... 0x....      ADR.W    R1,?_5
   \   0000001C   0x.... 0x....      BL       ?Subroutine1
     87            emberAfAppPrintln("Type:  %p RAM",
     88                              ((EMBER_AF_PLUGIN_CONCENTRATOR_CONCENTRATOR_TYPE
     89                                == EMBER_LOW_RAM_CONCENTRATOR)
     90                               ? "Low"
     91                               : "High"));
   \                     ??CrossCallReturnLabel_6: (+1)
   \   00000020   0x....             ADR.N    R2,??DataTable18_2  ;; "Low"
   \   00000022   0x.... 0x....      ADR.W    R1,?_8
   \   00000026   0x.... 0x....      BL       ?Subroutine1
     92            emberAfAppPrintln("Time before next broadcast (ms):   %l",
     93                              emberAfPluginConcentratorUpdateEventControl.timeToExecute - nowMS32);
   \                     ??CrossCallReturnLabel_5: (+1)
   \   0000002A   0x6860             LDR      R0,[R4, #+4]
   \   0000002C   0x.... 0x....      ADR.W    R1,?_10
   \   00000030   0x1B82             SUBS     R2,R0,R6
   \   00000032   0x.... 0x....      BL       ?Subroutine1
     94            emberAfAppPrintln("Min Time Between Broadcasts (sec): %d", 
     95                              EMBER_AF_PLUGIN_CONCENTRATOR_MIN_TIME_BETWEEN_BROADCASTS_SECONDS);
   \                     ??CrossCallReturnLabel_4: (+1)
   \   00000036   0x220A             MOVS     R2,#+10
   \   00000038   0x.... 0x....      ADR.W    R1,?_11
   \   0000003C   0x.... 0x....      BL       ?Subroutine1
     96            emberAfAppPrintln("Max Time Between Broadcasts (sec): %d", 
     97                              EMBER_AF_PLUGIN_CONCENTRATOR_MAX_TIME_BETWEEN_BROADCASTS_SECONDS);
   \                     ??CrossCallReturnLabel_3: (+1)
   \   00000040   0x223C             MOVS     R2,#+60
   \   00000042   0x.... 0x....      ADR.W    R1,?_12
   \   00000046   0x.... 0x....      BL       ?Subroutine1
     98            emberAfAppPrintln("Max Hops: %d",
     99                              (EMBER_AF_PLUGIN_CONCENTRATOR_MAX_HOPS == 0
    100                               ? EMBER_MAX_HOPS
    101                               : EMBER_AF_PLUGIN_CONCENTRATOR_MAX_HOPS));
   \                     ??CrossCallReturnLabel_2: (+1)
   \   0000004A   0x221E             MOVS     R2,#+30
   \   0000004C   0x.... 0x....      ADR.W    R1,?_13
   \   00000050   0x.... 0x....      BL       ?Subroutine1
    102            emberAfAppPrintln("Route Error Threshold:      %d",
    103                              EMBER_AF_PLUGIN_CONCENTRATOR_ROUTE_ERROR_THRESHOLD);
   \                     ??CrossCallReturnLabel_1: (+1)
   \   00000054   0x2203             MOVS     R2,#+3
   \   00000056   0x.... 0x....      ADR.W    R1,?_14
   \   0000005A   0x.... 0x....      BL       ?Subroutine1
    104            emberAfAppPrintln("Delivery Failure Threshold: %d",
    105                              EMBER_AF_PLUGIN_CONCENTRATOR_DELIVERY_FAILURE_THRESHOLD);
   \                     ??CrossCallReturnLabel_0: (+1)
   \   0000005E   0xE8BD 0x4070      POP      {R4-R6,LR}
   \   00000062   0x2201             MOVS     R2,#+1
   \   00000064   0x.... 0x....      ADR.W    R1,?_15
   \   00000068   0x....             B.N      ?Subroutine0
    106          }

   \                                 In section .text, align 2, keep-with-next
   \                     ?Subroutine0: (+1)
   \   00000000   0x2004             MOVS     R0,#+4
   \   00000002   0x.... 0x....      B.W      emberAfPrintln
    107          

   \                                 In section .text, align 2, keep-with-next
    108          void emberAfPluginConcentratorStartDiscovery(void)
    109          {
   \                     emberAfPluginConcentratorStartDiscovery: (+1)
   \   00000000   0xB580             PUSH     {R7,LR}
    110            int32u qsLeft = emberAfPluginConcentratorQueueDiscovery();
   \   00000002   0x.... 0x....      BL       emberAfPluginConcentratorQueueDiscovery
    111            emberAfAppPrintln("%d sec until next MTORR broadcast", (qsLeft >> 2));
   \   00000006   0xE8BD 0x4008      POP      {R3,LR}
   \   0000000A   0x0882             LSRS     R2,R0,#+2
   \   0000000C   0x.... 0x....      ADR.W    R1,?_16
   \   00000010                      REQUIRE ?Subroutine0
   \   00000010                      ;; // Fall through to label ?Subroutine0
    112          }
    113          

   \                                 In section .text, align 2, keep-with-next
    114          void emberAfPluginConcentratorAggregationCommand(void)
    115          {
    116            emberAfPluginConcentratorQueueDiscovery();
   \                     emberAfPluginConcentratorAggregationCommand: (+1)
   \   00000000   0x.... 0x....      B.W      emberAfPluginConcentratorQueueDiscovery
    117          }

   \                                 In section .text, align 4, keep-with-next
   \                     ??DataTable18:
   \   00000000   0x79 0x65          DC8      "yes"
   \              0x73 0x00    

   \                                 In section .text, align 4, keep-with-next
   \                     ??DataTable18_1:
   \   00000000   0x6E 0x6F          DC8      0x6E, 0x6F, 0x00, 0x00
   \              0x00 0x00    

   \                                 In section .text, align 4, keep-with-next
   \                     ??DataTable18_2:
   \   00000000   0x4C 0x6F          DC8      "Low"
   \              0x77 0x00    

   \                                 In section .text, align 4, keep-with-next
   \                     ??DataTable18_3:
   \   00000000   0x........         DC32     sourceRouteTable

   \                                 In section .text, align 4, keep-with-next
   \                     ??DataTable18_4:
   \   00000000   0x........         DC32     sourceRouteTableSize

   \                                 In section .text, align 4, keep-with-next
   \                     ??DataTable18_5:
   \   00000000   0x........         DC32     emberAfPluginConcentratorUpdateEventControl

   \                                 In section .text, align 4, keep-with-next
   \                     ?_0:
   \   00000000   0x53 0x6F          DC8 "Source Routes"
   \              0x75 0x72    
   \              0x63 0x65    
   \              0x20 0x52    
   \              0x6F 0x75    
   \              0x74 0x65    
   \              0x73 0x00    
   \   0000000E   0x00 0x00          DC8 0, 0

   \                                 In section .text, align 4, keep-with-next
   \                     ?_1:
   \   00000000   0x25 0x64          DC8 "%d: 0x%2X -> "
   \              0x3A 0x20    
   \              0x30 0x78    
   \              0x25 0x32    
   \              0x58 0x20    
   \              0x2D 0x3E    
   \              0x20 0x00    
   \   0000000E   0x00 0x00          DC8 0, 0

   \                                 In section .text, align 4, keep-with-next
   \                     ?_2:
   \   00000000   0x30 0x78          DC8 "0x%2X -> "
   \              0x25 0x32    
   \              0x58 0x20    
   \              0x2D 0x3E    
   \              0x20 0x00    
   \   0000000A   0x00 0x00          DC8 0, 0

   \                                 In section .text, align 4, keep-with-next
   \                     ?_3:
   \   00000000   0x30 0x78          DC8 "0x%2X (Me)"
   \              0x25 0x32    
   \              0x58 0x20    
   \              0x28 0x4D    
   \              0x65 0x29    
   \              0x00         
   \   0000000B   0x00               DC8 0

   \                                 In section .text, align 4, keep-with-next
   \                     ?_4:
   \   00000000   0x25 0x64          DC8 "%d of %d total entries."
   \              0x20 0x6F    
   \              0x66 0x20    
   \              0x25 0x64    
   \              0x20 0x74    
   \              0x6F 0x74    
   \              0x61 0x6C    
   \              0x20 0x65    
   \              0x6E 0x74    
   \              0x72 0x69    
   \              0x65 0x73    
   \              0x2E 0x00    

   \                                 In section .text, align 4, keep-with-next
   \                     ?_5:
   \   00000000   0x41 0x63          DC8 "Active: %p"
   \              0x74 0x69    
   \              0x76 0x65    
   \              0x3A 0x20    
   \              0x25 0x70    
   \              0x00         
   \   0000000B   0x00               DC8 0

   \                                 In section .text, align 4, keep-with-next
   \                     ?_8:
   \   00000000   0x54 0x79          DC8 "Type:  %p RAM"
   \              0x70 0x65    
   \              0x3A 0x20    
   \              0x20 0x25    
   \              0x70 0x20    
   \              0x52 0x41    
   \              0x4D 0x00    
   \   0000000E   0x00 0x00          DC8 0, 0

   \                                 In section .text, align 4, keep-with-next
   \                     ?_10:
   \   00000000   0x54 0x69          DC8 "Time before next broadcast (ms):   %l"
   \              0x6D 0x65    
   \              0x20 0x62    
   \              0x65 0x66    
   \              0x6F 0x72    
   \              0x65 0x20    
   \              0x6E 0x65    
   \              0x78 0x74    
   \              0x20 0x62    
   \              0x72 0x6F    
   \              0x61 0x64    
   \              0x63 0x61    
   \              0x73 0x74    
   \              0x20 0x28    
   \              0x6D 0x73    
   \              0x29 0x3A    
   \              0x20 0x20    
   \              0x20 0x25    
   \              0x6C 0x00    
   \   00000026   0x00 0x00          DC8 0, 0

   \                                 In section .text, align 4, keep-with-next
   \                     ?_11:
   \   00000000   0x4D 0x69          DC8 "Min Time Between Broadcasts (sec): %d"
   \              0x6E 0x20    
   \              0x54 0x69    
   \              0x6D 0x65    
   \              0x20 0x42    
   \              0x65 0x74    
   \              0x77 0x65    
   \              0x65 0x6E    
   \              0x20 0x42    
   \              0x72 0x6F    
   \              0x61 0x64    
   \              0x63 0x61    
   \              0x73 0x74    
   \              0x73 0x20    
   \              0x28 0x73    
   \              0x65 0x63    
   \              0x29 0x3A    
   \              0x20 0x25    
   \              0x64 0x00    
   \   00000026   0x00 0x00          DC8 0, 0

   \                                 In section .text, align 4, keep-with-next
   \                     ?_12:
   \   00000000   0x4D 0x61          DC8 "Max Time Between Broadcasts (sec): %d"
   \              0x78 0x20    
   \              0x54 0x69    
   \              0x6D 0x65    
   \              0x20 0x42    
   \              0x65 0x74    
   \              0x77 0x65    
   \              0x65 0x6E    
   \              0x20 0x42    
   \              0x72 0x6F    
   \              0x61 0x64    
   \              0x63 0x61    
   \              0x73 0x74    
   \              0x73 0x20    
   \              0x28 0x73    
   \              0x65 0x63    
   \              0x29 0x3A    
   \              0x20 0x25    
   \              0x64 0x00    
   \   00000026   0x00 0x00          DC8 0, 0

   \                                 In section .text, align 4, keep-with-next
   \                     ?_13:
   \   00000000   0x4D 0x61          DC8 "Max Hops: %d"
   \              0x78 0x20    
   \              0x48 0x6F    
   \              0x70 0x73    
   \              0x3A 0x20    
   \              0x25 0x64    
   \              0x00         
   \   0000000D   0x00 0x00          DC8 0, 0, 0
   \              0x00         

   \                                 In section .text, align 4, keep-with-next
   \                     ?_14:
   \   00000000   0x52 0x6F          DC8 "Route Error Threshold:      %d"
   \              0x75 0x74    
   \              0x65 0x20    
   \              0x45 0x72    
   \              0x72 0x6F    
   \              0x72 0x20    
   \              0x54 0x68    
   \              0x72 0x65    
   \              0x73 0x68    
   \              0x6F 0x6C    
   \              0x64 0x3A    
   \              0x20 0x20    
   \              0x20 0x20    
   \              0x20 0x20    
   \              0x25 0x64    
   \              0x00         
   \   0000001F   0x00               DC8 0

   \                                 In section .text, align 4, keep-with-next
   \                     ?_15:
   \   00000000   0x44 0x65          DC8 "Delivery Failure Threshold: %d"
   \              0x6C 0x69    
   \              0x76 0x65    
   \              0x72 0x79    
   \              0x20 0x46    
   \              0x61 0x69    
   \              0x6C 0x75    
   \              0x72 0x65    
   \              0x20 0x54    
   \              0x68 0x72    
   \              0x65 0x73    
   \              0x68 0x6F    
   \              0x6C 0x64    
   \              0x3A 0x20    
   \              0x25 0x64    
   \              0x00         
   \   0000001F   0x00               DC8 0

   \                                 In section .text, align 4, keep-with-next
   \                     ?_16:
   \   00000000   0x25 0x64          DC8 "%d sec until next MTORR broadcast"
   \              0x20 0x73    
   \              0x65 0x63    
   \              0x20 0x75    
   \              0x6E 0x74    
   \              0x69 0x6C    
   \              0x20 0x6E    
   \              0x65 0x78    
   \              0x74 0x20    
   \              0x4D 0x54    
   \              0x4F 0x52    
   \              0x52 0x20    
   \              0x62 0x72    
   \              0x6F 0x61    
   \              0x64 0x63    
   \              0x61 0x73    
   \              0x74 0x00    
   \   00000022   0x00 0x00          DC8 0, 0

   \                                 In section .rodata, align 4, keep-with-next
   \                     ?_6:
   \   00000000   0x79 0x65          DC8 "yes"
   \              0x73 0x00    

   \                                 In section .rodata, align 4, keep-with-next
   \                     ?_7:
   \   00000000   0x6E 0x6F          DC8 "no"
   \              0x00         
   \   00000003   0x00               DC8 0

   \                                 In section .rodata, align 4, keep-with-next
   \                     ?_9:
   \   00000000   0x4C 0x6F          DC8 "Low"
   \              0x77 0x00    

   Maximum stack usage in bytes:

   .cstack Function
   ------- --------
       0   emberAfPluginConcentratorAggregationCommand
         0   -> emberAfPluginConcentratorQueueDiscovery
      32   emberAfPluginConcentratorPrintSourceRouteTable
        32   -> emberAfGetNodeId
        32   -> emberAfPrint
         0   -> emberAfPrintln
        32   -> emberAfPrintln
        32   -> sourceRouteGetCount
       8   emberAfPluginConcentratorStartDiscovery
         8   -> emberAfPluginConcentratorQueueDiscovery
         0   -> emberAfPrintln
      16   emberAfPluginConcentratorStatus
         0   -> emberAfPrintln
        16   -> emberAfPrintln
        16   -> halCommonGetInt32uMillisecondTick


   Section sizes:

   Bytes  Function/Label
   -----  --------------
       4  ??DataTable18
       4  ??DataTable18_1
       4  ??DataTable18_2
       4  ??DataTable18_3
       4  ??DataTable18_4
       4  ??DataTable18_5
       6  ?Subroutine0
       6  ?Subroutine1
      16  ?_0
      16  ?_1
      40  ?_10
      40  ?_11
      40  ?_12
      16  ?_13
      32  ?_14
      32  ?_15
      36  ?_16
      12  ?_2
      12  ?_3
      24  ?_4
      12  ?_5
       4  ?_6
       4  ?_7
      16  ?_8
       4  ?_9
       4  emberAfPluginConcentratorAggregationCommand
     132  emberAfPluginConcentratorPrintSourceRouteTable
      16  emberAfPluginConcentratorStartDiscovery
     106  emberAfPluginConcentratorStatus

 
  12 bytes in section .rodata
 638 bytes in section .text
 
 638 bytes of CODE  memory
  12 bytes of CONST memory

Errors: none
Warnings: none
