###############################################################################
#
# IAR ANSI C/C++ Compiler V7.40.3.8902/W32 for ARM        14/Oct/2016  17:34:09
# Copyright 1999-2015 IAR Systems AB.
#
#    Cpu mode     =  thumb
#    Endian       =  little
#    Source file  =  
#        C:\Users\matthew.shing\Documents\Projects\AONE ZigBee Dimmer\AUCH
#        ETRX357\16.10.14
#        v17\EmberZNet5.3.0-GA\em35x\app\framework\plugin\counters\counters-cli.c
#    Command line =  
#        "C:\Users\matthew.shing\Documents\Projects\AONE ZigBee Dimmer\AUCH
#        ETRX357\16.10.14
#        v17\EmberZNet5.3.0-GA\em35x\app\framework\plugin\counters\counters-cli.c"
#        -D
#        "GENERATED_TOKEN_HEADER=\"app/builder/Aurora_dimmer/Aurora_dimmer_tokens.h\""
#        -D "ZA_GENERATED_HEADER=\"app/builder/Aurora_dimmer/Aurora_dimmer.h\""
#        -D APP_BTL -D "BOARD_HEADER=\"../../../16.10.14
#        v17/EmberZNet5.3.0-GA/em35x/app/builder/Aurora_dimmer/Aurora_dimmer_board.h\""
#        -D "PLATFORM_HEADER=\"hal/micro/cortexm3/compiler/iar.h\"" -D CORTEXM3
#        -D CORTEXM3_EMBER_MICRO -D CORTEXM3_EM357 -D PHY_EM3XX -D
#        "APPLICATION_TOKEN_HEADER=\"app/framework/util/tokens.h\"" -D
#        "CONFIGURATION_HEADER=\"app/framework/util/config.h\"" -D
#        "ATTRIBUTE_STORAGE_CONFIGURATION=\"app/builder/Aurora_dimmer/Aurora_dimmer_endpoint_config.h\""
#        -D "__SOURCEFILE__=\"counters-cli.c\"" -lC
#        "C:\Users\matthew.shing\Documents\Projects\AONE ZigBee Dimmer\AUCH
#        ETRX357\16.10.14 v17\EmberZNet5.3.0-GA\em35x\build\Aurora_dimmer\"
#        --diag_suppress Pa050 -o
#        "C:\Users\matthew.shing\Documents\Projects\AONE ZigBee Dimmer\AUCH
#        ETRX357\16.10.14 v17\EmberZNet5.3.0-GA\em35x\build\Aurora_dimmer\"
#        --debug --endian=little --cpu=Cortex-M3 -e --fpu=None --dlib_config
#        "C:\Program Files (x86)\IAR Systems\Embedded Workbench
#        7.2\arm\INC\c\DLib_Config_Normal.h" -I
#        "C:\Users\matthew.shing\Documents\Projects\AONE ZigBee Dimmer\AUCH
#        ETRX357\16.10.14
#        v17\EmberZNet5.3.0-GA\em35x\app\framework\plugin\counters\" -I
#        "C:\Users\matthew.shing\Documents\Projects\AONE ZigBee Dimmer\AUCH
#        ETRX357\16.10.14
#        v17\EmberZNet5.3.0-GA\em35x\app\builder\Aurora_dimmer\" -I
#        "C:\Users\matthew.shing\Documents\Projects\AONE ZigBee Dimmer\AUCH
#        ETRX357\16.10.14
#        v17\EmberZNet5.3.0-GA\em35x\app\builder\Aurora_dimmer\..\..\..\" -I
#        "C:\Users\matthew.shing\Documents\Projects\AONE ZigBee Dimmer\AUCH
#        ETRX357\16.10.14
#        v17\EmberZNet5.3.0-GA\em35x\app\builder\Aurora_dimmer\..\..\..\app\framework\include\"
#        -I "C:\Users\matthew.shing\Documents\Projects\AONE ZigBee Dimmer\AUCH
#        ETRX357\16.10.14
#        v17\EmberZNet5.3.0-GA\em35x\app\builder\Aurora_dimmer\..\..\..\..\..\..\16.09.23
#        Fixedonoff\EmberZNet5.3.0-GA\em35x\" -I
#        "C:\Users\matthew.shing\Documents\Projects\AONE ZigBee Dimmer\AUCH
#        ETRX357\16.10.14
#        v17\EmberZNet5.3.0-GA\em35x\app\builder\Aurora_dimmer\..\..\..\..\..\..\16.09.23
#        Fixedonoff\EmberZNet5.3.0-GA\em35x\stack\" -I
#        "C:\Users\matthew.shing\Documents\Projects\AONE ZigBee Dimmer\AUCH
#        ETRX357\16.10.14
#        v17\EmberZNet5.3.0-GA\em35x\app\builder\Aurora_dimmer\..\..\..\..\..\..\16.09.23
#        Fixedonoff\EmberZNet5.3.0-GA\em35x\hal\" -I
#        "C:\Users\matthew.shing\Documents\Projects\AONE ZigBee Dimmer\AUCH
#        ETRX357\16.10.14
#        v17\EmberZNet5.3.0-GA\em35x\app\builder\Aurora_dimmer\..\..\..\..\..\..\16.09.23
#        Fixedonoff\EmberZNet5.3.0-GA\em35x\hal\..\" -Ohz --use_c++_inline
#    List file    =  
#        C:\Users\matthew.shing\Documents\Projects\AONE ZigBee Dimmer\AUCH
#        ETRX357\16.10.14
#        v17\EmberZNet5.3.0-GA\em35x\build\Aurora_dimmer\counters-cli.lst
#    Object file  =  
#        C:\Users\matthew.shing\Documents\Projects\AONE ZigBee Dimmer\AUCH
#        ETRX357\16.10.14
#        v17\EmberZNet5.3.0-GA\em35x\build\Aurora_dimmer\counters-cli.o
#
###############################################################################

C:\Users\matthew.shing\Documents\Projects\AONE ZigBee Dimmer\AUCH ETRX357\16.10.14 v17\EmberZNet5.3.0-GA\em35x\app\framework\plugin\counters\counters-cli.c
      1          // File: counters-cli.c
      2          //
      3          // Used for testing the counters library via a command line interface.
      4          // For documentation on the counters library see counters.h.
      5          //
      6          // Copyright 2007 by Ember Corporation. All rights reserved.                *80*
      7          
      8          #include "app/framework/include/af.h"
      9          #include "app/util/serial/command-interpreter2.h"
     10          #include "app/util/common/common.h"
     11          #include "counters.h"
     12          #include "counters-ota.h"
     13          #include "counters-cli.h"
     14          
     15          

   \                                 In section .data, align 4
     16          PGM_NO_CONST PGM_P titleStrings[] = {
   \                     titleStrings:
   \   00000000   0x........         DC32 ?_0, ?_1, ?_2, ?_3, ?_4, ?_5, ?_6, ?_7, ?_8, ?_9, ?_10, ?_11, ?_12
   \              0x........   
   \              0x........   
   \              0x........   
   \              0x........   
   \              0x........   
   \              0x........   
   \              0x........   
   \              0x........   
   \              0x........   
   \              0x........   
   \              0x........   
   \              0x........   
   \   00000034   0x........         DC32 ?_13, ?_14, ?_15, ?_16, ?_17, ?_18, ?_19, ?_20, ?_21, ?_22, ?_23
   \              0x........   
   \              0x........   
   \              0x........   
   \              0x........   
   \              0x........   
   \              0x........   
   \              0x........   
   \              0x........   
   \              0x........   
   \              0x........   
   \   00000060   0x........         DC32 ?_24, ?_25, ?_26, ?_27, ?_28, ?_29, ?_30, ?_31, ?_32, 0H
   \              0x........   
   \              0x........   
   \              0x........   
   \              0x........   
   \              0x........   
   \              0x........   
   \              0x........   
   \              0x........   
   \              0x00000000   
     17            EMBER_COUNTER_STRINGS
     18          };

   \                                 In section .data, align 4
     19          PGM_NO_CONST PGM_P unknownCounter = "???";
   \                     unknownCounter:
   \   00000000   0x........         DC32 ?_33
     20          static void emberAfPluginCountersPrint(void);
     21          

   \                                 In section .text, align 2, keep-with-next
     22          void emberAfPluginCountersPrintCommand(void)
     23          { 
   \                     emberAfPluginCountersPrintCommand: (+1)
   \   00000000   0xB580             PUSH     {R7,LR}
     24          
     25          #if defined(EZSP_HOST)
     26            ezspReadAndClearCounters(emberCounters);
     27          #endif
     28          
     29          emberAfPluginCountersPrint();
   \   00000002   0x.... 0x....      BL       emberAfPluginCountersPrint
     30          
     31          #if !defined(EZSP_HOST)
     32            emberAfPluginCountersClear();
   \   00000006   0xE8BD 0x4001      POP      {R0,LR}
   \   0000000A   0x.... 0x....      B.W      emberAfPluginCountersClear
     33          #endif
     34          
     35          }
     36          

   \                                 In section .text, align 2, keep-with-next
     37          void emberAfPluginCountersSimplePrintCommand(void)
     38          {
     39          
     40          #if defined(EZSP_HOST)
     41            ezspReadCounters(emberCounters);
     42          #endif
     43          
     44            emberAfPluginCountersPrint();
   \                     emberAfPluginCountersSimplePrintCommand: (+1)
   \   00000000   0x....             B.N      emberAfPluginCountersPrint
     45          }
     46          

   \                                 In section .text, align 2, keep-with-next
     47          void emberAfPluginCountersSendRequestCommand(void)
     48          {
     49          
     50          #if defined(EMBER_AF_PLUGIN_COUNTERS_OTA)
     51            emberAfPluginCountersSendRequest(emberUnsignedCommandArgument(0),
     52                                             emberUnsignedCommandArgument(1));
     53          #endif
     54          
     55          }
   \                     emberAfPluginCountersSendRequestCommand: (+1)
   \   00000000   0x4770             BX       LR               ;; return
     56          
     57          

   \                                 In section .text, align 2, keep-with-next
     58          void emberAfPluginCountersSetThresholdCommand(void)
     59          {
   \                     emberAfPluginCountersSetThresholdCommand: (+1)
   \   00000000   0xB510             PUSH     {R4,LR}
     60            emberAfCorePrintln("Setting Threshold command");
   \   00000002   0x.... 0x....      ADR.W    R1,?_34
   \   00000006   0x2001             MOVS     R0,#+1
   \   00000008   0x.... 0x....      BL       emberAfPrintln
     61            EmberCounterType type = (int8u)emberUnsignedCommandArgument(0);
   \   0000000C   0x2000             MOVS     R0,#+0
   \   0000000E   0x.... 0x....      BL       emberUnsignedCommandArgument
   \   00000012   0x4604             MOV      R4,R0
     62            int16u threshold = (int16u)emberUnsignedCommandArgument(1);
   \   00000014   0x2001             MOVS     R0,#+1
   \   00000016   0x.... 0x....      BL       emberUnsignedCommandArgument
     63            emberAfPluginCountersSetThreshold(type,threshold);
   \   0000001A   0xB281             UXTH     R1,R0
   \   0000001C   0xB2E0             UXTB     R0,R4
   \   0000001E   0xE8BD 0x4010      POP      {R4,LR}
   \   00000022   0x.... 0x....      B.W      emberAfPluginCountersSetThreshold
     64          }
     65          

   \                                 In section .text, align 2, keep-with-next
     66          void emberAfPluginCountersPrintThresholdsCommand(void)
     67          {
   \                     emberAfPluginCountersPrintThresholdsCommand: (+1)
   \   00000000   0xE92D 0x41F0      PUSH     {R4-R8,LR}
   \   00000004   0xB082             SUB      SP,SP,#+8
     68            int8u i;
     69            for(i=0; i<EMBER_COUNTER_TYPE_COUNT; i++) {
   \   00000006   0x2400             MOVS     R4,#+0
   \   00000008   0x.... 0x....      ADR.W    R5,?_35
   \   0000000C   0x....             LDR.N    R6,??DataTable39
   \   0000000E   0x....             B.N      ?Subroutine0
     70              emberAfCorePrintln("%u) %p: %u",
     71                                 i,
     72                                 (titleStrings[i] == NULL
     73                                 ? unknownCounter
     74                                 : titleStrings[i]),                       
     75                                 emberCountersThresholds[i]);
     76            }
     77          }

   \                                 In section .text, align 2, keep-with-next
   \                     ?Subroutine0: (+1)
   \   00000000   0x....             LDR.N    R7,??DataTable39_3
   \   00000002   0x.... 0x....      LDR.W    R8,??DataTable39_4
   \                     ??Subroutine0_0: (+1)
   \   00000006   0xF858 0x3024      LDR      R3,[R8, R4, LSL #+2]
   \   0000000A   0xB903             CBNZ.N   R3,??Subroutine0_1
   \   0000000C   0x683B             LDR      R3,[R7, #+0]
   \                     ??Subroutine0_1: (+1)
   \   0000000E   0xF836 0x0014      LDRH     R0,[R6, R4, LSL #+1]
   \   00000012   0x9000             STR      R0,[SP, #+0]
   \   00000014   0x4622             MOV      R2,R4
   \   00000016   0x4629             MOV      R1,R5
   \   00000018   0x2001             MOVS     R0,#+1
   \   0000001A   0x.... 0x....      BL       emberAfPrintln
   \   0000001E   0x1C64             ADDS     R4,R4,#+1
   \   00000020   0x2C21             CMP      R4,#+33
   \   00000022   0xDBF0             BLT.N    ??Subroutine0_0
   \   00000024   0xE8BD 0x81F3      POP      {R0,R1,R4-R8,PC}  ;; return
     78          
     79          
     80          #if !defined(EZSP_HOST)
     81          

   \                                 In section .text, align 2, keep-with-next
     82          void emberAfPluginCounterPrintCountersResponse(EmberMessageBuffer message)
     83          {
   \                     emberAfPluginCounterPrintCountersResponse: (+1)
   \   00000000   0xE92D 0x41F0      PUSH     {R4-R8,LR}
   \   00000004   0x4604             MOV      R4,R0
     84            int8u i;
     85            int8u length = emberMessageBufferLength(message);
   \   00000006   0x....             LDR.N    R0,??DataTable39_1
     86            for (i = 0; i < length; i += 3) {
   \   00000008   0x.... 0x....      ADR.W    R7,?_36
   \   0000000C   0x6800             LDR      R0,[R0, #+0]
   \   0000000E   0x5C25             LDRB     R5,[R4, R0]
   \   00000010   0x2600             MOVS     R6,#+0
   \   00000012   0xE011             B.N      ??emberAfPluginCounterPrintCountersResponse_0
     87              emberAfCorePrintln("%d: %d",
     88                                 emberGetLinkedBuffersByte(message, i),
     89                                 emberGetLinkedBuffersLowHighInt16u(message, i + 1));
   \                     ??emberAfPluginCounterPrintCountersResponse_1: (+1)
   \   00000014   0x1C71             ADDS     R1,R6,#+1
   \   00000016   0xB2C9             UXTB     R1,R1
   \   00000018   0x4620             MOV      R0,R4
   \   0000001A   0x.... 0x....      BL       emberGetLinkedBuffersLowHighInt16u
   \   0000001E   0x4680             MOV      R8,R0
   \   00000020   0x4631             MOV      R1,R6
   \   00000022   0x4620             MOV      R0,R4
   \   00000024   0x.... 0x....      BL       emberGetLinkedBuffersByte
   \   00000028   0x4602             MOV      R2,R0
   \   0000002A   0x4643             MOV      R3,R8
   \   0000002C   0x4639             MOV      R1,R7
   \   0000002E   0x2001             MOVS     R0,#+1
   \   00000030   0x.... 0x....      BL       emberAfPrintln
     90            }
   \   00000034   0x1CF6             ADDS     R6,R6,#+3
   \   00000036   0xB2F6             UXTB     R6,R6
   \                     ??emberAfPluginCounterPrintCountersResponse_0: (+1)
   \   00000038   0x42AE             CMP      R6,R5
   \   0000003A   0xDBEB             BLT.N    ??emberAfPluginCounterPrintCountersResponse_1
     91          }
   \   0000003C   0xE8BD 0x81F0      POP      {R4-R8,PC}       ;; return
     92          
     93          #endif
     94          

   \                                 In section .text, align 2, keep-with-next
     95          static void emberAfPluginCountersPrint(void)
     96          {
   \                     emberAfPluginCountersPrint: (+1)
   \   00000000   0xE92D 0x41F0      PUSH     {R4-R8,LR}
   \   00000004   0xB082             SUB      SP,SP,#+8
     97            int8u i;
     98            for(i=0; i<EMBER_COUNTER_TYPE_COUNT; i++) {
   \   00000006   0x2400             MOVS     R4,#+0
   \   00000008   0x.... 0x....      ADR.W    R5,?_35
   \   0000000C   0x....             LDR.N    R6,??DataTable39_2
   \   0000000E                      REQUIRE ?Subroutine0
   \   0000000E                      ;; // Fall through to label ?Subroutine0
     99              emberAfCorePrintln("%u) %p: %u", 
    100                                  i,
    101                                  (titleStrings[i] == NULL
    102                                  ? unknownCounter
    103                                  : titleStrings[i]),
    104                                  emberCounters[i]);
    105            }  
    106          }

   \                                 In section .text, align 4, keep-with-next
   \                     ??DataTable39:
   \   00000000   0x........         DC32     emberCountersThresholds

   \                                 In section .text, align 4, keep-with-next
   \                     ??DataTable39_1:
   \   00000000   0x........         DC32     emMessageBufferLengths

   \                                 In section .text, align 4, keep-with-next
   \                     ??DataTable39_2:
   \   00000000   0x........         DC32     emberCounters

   \                                 In section .text, align 4, keep-with-next
   \                     ??DataTable39_3:
   \   00000000   0x........         DC32     unknownCounter

   \                                 In section .text, align 4, keep-with-next
   \                     ??DataTable39_4:
   \   00000000   0x........         DC32     titleStrings

   \                                 In section .rodata, align 4, keep-with-next
   \                     ?_0:
   \   00000000   0x4D 0x61          DC8 "Mac Rx Bcast"
   \              0x63 0x20    
   \              0x52 0x78    
   \              0x20 0x42    
   \              0x63 0x61    
   \              0x73 0x74    
   \              0x00         
   \   0000000D   0x00 0x00          DC8 0, 0, 0
   \              0x00         

   \                                 In section .rodata, align 4, keep-with-next
   \                     ?_1:
   \   00000000   0x4D 0x61          DC8 "Mac Tx Bcast"
   \              0x63 0x20    
   \              0x54 0x78    
   \              0x20 0x42    
   \              0x63 0x61    
   \              0x73 0x74    
   \              0x00         
   \   0000000D   0x00 0x00          DC8 0, 0, 0
   \              0x00         

   \                                 In section .rodata, align 4, keep-with-next
   \                     ?_2:
   \   00000000   0x4D 0x61          DC8 "Mac Rx Ucast"
   \              0x63 0x20    
   \              0x52 0x78    
   \              0x20 0x55    
   \              0x63 0x61    
   \              0x73 0x74    
   \              0x00         
   \   0000000D   0x00 0x00          DC8 0, 0, 0
   \              0x00         

   \                                 In section .rodata, align 4, keep-with-next
   \                     ?_3:
   \   00000000   0x4D 0x61          DC8 "Mac Tx Ucast"
   \              0x63 0x20    
   \              0x54 0x78    
   \              0x20 0x55    
   \              0x63 0x61    
   \              0x73 0x74    
   \              0x00         
   \   0000000D   0x00 0x00          DC8 0, 0, 0
   \              0x00         

   \                                 In section .rodata, align 4, keep-with-next
   \                     ?_4:
   \   00000000   0x4D 0x61          DC8 "Mac Tx Ucast Retry"
   \              0x63 0x20    
   \              0x54 0x78    
   \              0x20 0x55    
   \              0x63 0x61    
   \              0x73 0x74    
   \              0x20 0x52    
   \              0x65 0x74    
   \              0x72 0x79    
   \              0x00         
   \   00000013   0x00               DC8 0

   \                                 In section .rodata, align 4, keep-with-next
   \                     ?_5:
   \   00000000   0x4D 0x61          DC8 "Mac Tx Ucast Fail"
   \              0x63 0x20    
   \              0x54 0x78    
   \              0x20 0x55    
   \              0x63 0x61    
   \              0x73 0x74    
   \              0x20 0x46    
   \              0x61 0x69    
   \              0x6C 0x00    
   \   00000012   0x00 0x00          DC8 0, 0

   \                                 In section .rodata, align 4, keep-with-next
   \                     ?_6:
   \   00000000   0x41 0x50          DC8 "APS Rx Bcast"
   \              0x53 0x20    
   \              0x52 0x78    
   \              0x20 0x42    
   \              0x63 0x61    
   \              0x73 0x74    
   \              0x00         
   \   0000000D   0x00 0x00          DC8 0, 0, 0
   \              0x00         

   \                                 In section .rodata, align 4, keep-with-next
   \                     ?_7:
   \   00000000   0x41 0x50          DC8 "APS Tx Bcast"
   \              0x53 0x20    
   \              0x54 0x78    
   \              0x20 0x42    
   \              0x63 0x61    
   \              0x73 0x74    
   \              0x00         
   \   0000000D   0x00 0x00          DC8 0, 0, 0
   \              0x00         

   \                                 In section .rodata, align 4, keep-with-next
   \                     ?_8:
   \   00000000   0x41 0x50          DC8 "APS Rx Ucast"
   \              0x53 0x20    
   \              0x52 0x78    
   \              0x20 0x55    
   \              0x63 0x61    
   \              0x73 0x74    
   \              0x00         
   \   0000000D   0x00 0x00          DC8 0, 0, 0
   \              0x00         

   \                                 In section .rodata, align 4, keep-with-next
   \                     ?_9:
   \   00000000   0x41 0x50          DC8 "APS Tx Ucast Success"
   \              0x53 0x20    
   \              0x54 0x78    
   \              0x20 0x55    
   \              0x63 0x61    
   \              0x73 0x74    
   \              0x20 0x53    
   \              0x75 0x63    
   \              0x63 0x65    
   \              0x73 0x73    
   \              0x00         
   \   00000015   0x00 0x00          DC8 0, 0, 0
   \              0x00         

   \                                 In section .rodata, align 4, keep-with-next
   \                     ?_10:
   \   00000000   0x41 0x50          DC8 "APS Tx Ucast Retry"
   \              0x53 0x20    
   \              0x54 0x78    
   \              0x20 0x55    
   \              0x63 0x61    
   \              0x73 0x74    
   \              0x20 0x52    
   \              0x65 0x74    
   \              0x72 0x79    
   \              0x00         
   \   00000013   0x00               DC8 0

   \                                 In section .rodata, align 4, keep-with-next
   \                     ?_11:
   \   00000000   0x41 0x50          DC8 "APS Tx Ucast Fail"
   \              0x53 0x20    
   \              0x54 0x78    
   \              0x20 0x55    
   \              0x63 0x61    
   \              0x73 0x74    
   \              0x20 0x46    
   \              0x61 0x69    
   \              0x6C 0x00    
   \   00000012   0x00 0x00          DC8 0, 0

   \                                 In section .rodata, align 4, keep-with-next
   \                     ?_12:
   \   00000000   0x52 0x6F          DC8 "Route Disc Initiated"
   \              0x75 0x74    
   \              0x65 0x20    
   \              0x44 0x69    
   \              0x73 0x63    
   \              0x20 0x49    
   \              0x6E 0x69    
   \              0x74 0x69    
   \              0x61 0x74    
   \              0x65 0x64    
   \              0x00         
   \   00000015   0x00 0x00          DC8 0, 0, 0
   \              0x00         

   \                                 In section .rodata, align 4, keep-with-next
   \                     ?_13:
   \   00000000   0x4E 0x65          DC8 "Neighbor Added"
   \              0x69 0x67    
   \              0x68 0x62    
   \              0x6F 0x72    
   \              0x20 0x41    
   \              0x64 0x64    
   \              0x65 0x64    
   \              0x00         
   \   0000000F   0x00               DC8 0

   \                                 In section .rodata, align 4, keep-with-next
   \                     ?_14:
   \   00000000   0x4E 0x65          DC8 "Neighbor Removed"
   \              0x69 0x67    
   \              0x68 0x62    
   \              0x6F 0x72    
   \              0x20 0x52    
   \              0x65 0x6D    
   \              0x6F 0x76    
   \              0x65 0x64    
   \              0x00         
   \   00000011   0x00 0x00          DC8 0, 0, 0
   \              0x00         

   \                                 In section .rodata, align 4, keep-with-next
   \                     ?_15:
   \   00000000   0x4E 0x65          DC8 "Neighbor Stale"
   \              0x69 0x67    
   \              0x68 0x62    
   \              0x6F 0x72    
   \              0x20 0x53    
   \              0x74 0x61    
   \              0x6C 0x65    
   \              0x00         
   \   0000000F   0x00               DC8 0

   \                                 In section .rodata, align 4, keep-with-next
   \                     ?_16:
   \   00000000   0x4A 0x6F          DC8 "Join Indication"
   \              0x69 0x6E    
   \              0x20 0x49    
   \              0x6E 0x64    
   \              0x69 0x63    
   \              0x61 0x74    
   \              0x69 0x6F    
   \              0x6E 0x00    

   \                                 In section .rodata, align 4, keep-with-next
   \                     ?_17:
   \   00000000   0x43 0x68          DC8 "Child Moved"
   \              0x69 0x6C    
   \              0x64 0x20    
   \              0x4D 0x6F    
   \              0x76 0x65    
   \              0x64 0x00    

   \                                 In section .rodata, align 4, keep-with-next
   \                     ?_18:
   \   00000000   0x41 0x53          DC8 "ASH Overflow"
   \              0x48 0x20    
   \              0x4F 0x76    
   \              0x65 0x72    
   \              0x66 0x6C    
   \              0x6F 0x77    
   \              0x00         
   \   0000000D   0x00 0x00          DC8 0, 0, 0
   \              0x00         

   \                                 In section .rodata, align 4, keep-with-next
   \                     ?_19:
   \   00000000   0x41 0x53          DC8 "ASH Frame Error"
   \              0x48 0x20    
   \              0x46 0x72    
   \              0x61 0x6D    
   \              0x65 0x20    
   \              0x45 0x72    
   \              0x72 0x6F    
   \              0x72 0x00    

   \                                 In section .rodata, align 4, keep-with-next
   \                     ?_20:
   \   00000000   0x41 0x53          DC8 "ASH Overrun Error"
   \              0x48 0x20    
   \              0x4F 0x76    
   \              0x65 0x72    
   \              0x72 0x75    
   \              0x6E 0x20    
   \              0x45 0x72    
   \              0x72 0x6F    
   \              0x72 0x00    
   \   00000012   0x00 0x00          DC8 0, 0

   \                                 In section .rodata, align 4, keep-with-next
   \                     ?_21:
   \   00000000   0x4E 0x57          DC8 "NWK FC Failure"
   \              0x4B 0x20    
   \              0x46 0x43    
   \              0x20 0x46    
   \              0x61 0x69    
   \              0x6C 0x75    
   \              0x72 0x65    
   \              0x00         
   \   0000000F   0x00               DC8 0

   \                                 In section .rodata, align 4, keep-with-next
   \                     ?_22:
   \   00000000   0x41 0x50          DC8 "APS FC Failure"
   \              0x53 0x20    
   \              0x46 0x43    
   \              0x20 0x46    
   \              0x61 0x69    
   \              0x6C 0x75    
   \              0x72 0x65    
   \              0x00         
   \   0000000F   0x00               DC8 0

   \                                 In section .rodata, align 4, keep-with-next
   \                     ?_23:
   \   00000000   0x41 0x53          DC8 "ASH XOff"
   \              0x48 0x20    
   \              0x58 0x4F    
   \              0x66 0x66    
   \              0x00         
   \   00000009   0x00 0x00          DC8 0, 0, 0
   \              0x00         

   \                                 In section .rodata, align 4, keep-with-next
   \                     ?_24:
   \   00000000   0x41 0x50          DC8 "APS Unauthorized Key"
   \              0x53 0x20    
   \              0x55 0x6E    
   \              0x61 0x75    
   \              0x74 0x68    
   \              0x6F 0x72    
   \              0x69 0x7A    
   \              0x65 0x64    
   \              0x20 0x4B    
   \              0x65 0x79    
   \              0x00         
   \   00000015   0x00 0x00          DC8 0, 0, 0
   \              0x00         

   \                                 In section .rodata, align 4, keep-with-next
   \                     ?_25:
   \   00000000   0x4E 0x57          DC8 "NWK Decrypt Failures"
   \              0x4B 0x20    
   \              0x44 0x65    
   \              0x63 0x72    
   \              0x79 0x70    
   \              0x74 0x20    
   \              0x46 0x61    
   \              0x69 0x6C    
   \              0x75 0x72    
   \              0x65 0x73    
   \              0x00         
   \   00000015   0x00 0x00          DC8 0, 0, 0
   \              0x00         

   \                                 In section .rodata, align 4, keep-with-next
   \                     ?_26:
   \   00000000   0x41 0x50          DC8 "APS Decrypt Failures"
   \              0x53 0x20    
   \              0x44 0x65    
   \              0x63 0x72    
   \              0x79 0x70    
   \              0x74 0x20    
   \              0x46 0x61    
   \              0x69 0x6C    
   \              0x75 0x72    
   \              0x65 0x73    
   \              0x00         
   \   00000015   0x00 0x00          DC8 0, 0, 0
   \              0x00         

   \                                 In section .rodata, align 4, keep-with-next
   \                     ?_27:
   \   00000000   0x50 0x61          DC8 "Packet Buffer Allocate Failures"
   \              0x63 0x6B    
   \              0x65 0x74    
   \              0x20 0x42    
   \              0x75 0x66    
   \              0x66 0x65    
   \              0x72 0x20    
   \              0x41 0x6C    
   \              0x6C 0x6F    
   \              0x63 0x61    
   \              0x74 0x65    
   \              0x20 0x46    
   \              0x61 0x69    
   \              0x6C 0x75    
   \              0x72 0x65    
   \              0x73 0x00    

   \                                 In section .rodata, align 4, keep-with-next
   \                     ?_28:
   \   00000000   0x52 0x65          DC8 "Relayed Ucast"
   \              0x6C 0x61    
   \              0x79 0x65    
   \              0x64 0x20    
   \              0x55 0x63    
   \              0x61 0x73    
   \              0x74 0x00    
   \   0000000E   0x00 0x00          DC8 0, 0

   \                                 In section .rodata, align 4, keep-with-next
   \                     ?_29:
   \   00000000   0x50 0x68          DC8 "Phy to MAC queue limit reached"
   \              0x79 0x20    
   \              0x74 0x6F    
   \              0x20 0x4D    
   \              0x41 0x43    
   \              0x20 0x71    
   \              0x75 0x65    
   \              0x75 0x65    
   \              0x20 0x6C    
   \              0x69 0x6D    
   \              0x69 0x74    
   \              0x20 0x72    
   \              0x65 0x61    
   \              0x63 0x68    
   \              0x65 0x64    
   \              0x00         
   \   0000001F   0x00               DC8 0

   \                                 In section .rodata, align 4, keep-with-next
   \                     ?_30:
   \   00000000   0x50 0x61          DC8 "Packet Validate drop count"
   \              0x63 0x6B    
   \              0x65 0x74    
   \              0x20 0x56    
   \              0x61 0x6C    
   \              0x69 0x64    
   \              0x61 0x74    
   \              0x65 0x20    
   \              0x64 0x72    
   \              0x6F 0x70    
   \              0x20 0x63    
   \              0x6F 0x75    
   \              0x6E 0x74    
   \              0x00         
   \   0000001B   0x00               DC8 0

   \                                 In section .rodata, align 4, keep-with-next
   \                     ?_31:
   \   00000000   0x4E 0x57          DC8 "NWK retry overflow"
   \              0x4B 0x20    
   \              0x72 0x65    
   \              0x74 0x72    
   \              0x79 0x20    
   \              0x6F 0x76    
   \              0x65 0x72    
   \              0x66 0x6C    
   \              0x6F 0x77    
   \              0x00         
   \   00000013   0x00               DC8 0

   \                                 In section .rodata, align 4, keep-with-next
   \                     ?_32:
   \   00000000   0x43 0x43          DC8 "CCA Failures"
   \              0x41 0x20    
   \              0x46 0x61    
   \              0x69 0x6C    
   \              0x75 0x72    
   \              0x65 0x73    
   \              0x00         
   \   0000000D   0x00 0x00          DC8 0, 0, 0
   \              0x00         

   \                                 In section .rodata, align 4, keep-with-next
   \                     ?_33:
   \   00000000   0x3F 0x3F          DC8 "???"
   \              0x3F 0x00    

   \                                 In section .text, align 4, keep-with-next
   \                     ?_34:
   \   00000000   0x53 0x65          DC8 "Setting Threshold command"
   \              0x74 0x74    
   \              0x69 0x6E    
   \              0x67 0x20    
   \              0x54 0x68    
   \              0x72 0x65    
   \              0x73 0x68    
   \              0x6F 0x6C    
   \              0x64 0x20    
   \              0x63 0x6F    
   \              0x6D 0x6D    
   \              0x61 0x6E    
   \              0x64 0x00    
   \   0000001A   0x00 0x00          DC8 0, 0

   \                                 In section .text, align 4, keep-with-next
   \                     ?_35:
   \   00000000   0x25 0x75          DC8 "%u) %p: %u"
   \              0x29 0x20    
   \              0x25 0x70    
   \              0x3A 0x20    
   \              0x25 0x75    
   \              0x00         
   \   0000000B   0x00               DC8 0

   \                                 In section .text, align 4, keep-with-next
   \                     ?_36:
   \   00000000   0x25 0x64          DC8 "%d: %d"
   \              0x3A 0x20    
   \              0x25 0x64    
   \              0x00         
   \   00000007   0x00               DC8 0

   Maximum stack usage in bytes:

   .cstack Function
   ------- --------
      24   emberAfPluginCounterPrintCountersResponse
        24   -> emberAfPrintln
        24   -> emberGetLinkedBuffersByte
        24   -> emberGetLinkedBuffersLowHighInt16u
      32   emberAfPluginCountersPrint
        32   -> emberAfPrintln
       8   emberAfPluginCountersPrintCommand
         0   -> emberAfPluginCountersClear
         8   -> emberAfPluginCountersPrint
      32   emberAfPluginCountersPrintThresholdsCommand
        32   -> emberAfPrintln
       0   emberAfPluginCountersSendRequestCommand
       8   emberAfPluginCountersSetThresholdCommand
         0   -> emberAfPluginCountersSetThreshold
         8   -> emberAfPrintln
         8   -> emberUnsignedCommandArgument
       0   emberAfPluginCountersSimplePrintCommand
         0   -> emberAfPluginCountersPrint


   Section sizes:

   Bytes  Function/Label
   -----  --------------
       4  ??DataTable39
       4  ??DataTable39_1
       4  ??DataTable39_2
       4  ??DataTable39_3
       4  ??DataTable39_4
      40  ?Subroutine0
      16  ?_0
      16  ?_1
      20  ?_10
      20  ?_11
      24  ?_12
      16  ?_13
      20  ?_14
      16  ?_15
      16  ?_16
      12  ?_17
      16  ?_18
      16  ?_19
      16  ?_2
      20  ?_20
      16  ?_21
      16  ?_22
      12  ?_23
      24  ?_24
      24  ?_25
      24  ?_26
      32  ?_27
      16  ?_28
      32  ?_29
      16  ?_3
      28  ?_30
      20  ?_31
      16  ?_32
       4  ?_33
      28  ?_34
      12  ?_35
       8  ?_36
      20  ?_4
      20  ?_5
      16  ?_6
      16  ?_7
      16  ?_8
      24  ?_9
      64  emberAfPluginCounterPrintCountersResponse
      14  emberAfPluginCountersPrint
      14  emberAfPluginCountersPrintCommand
      16  emberAfPluginCountersPrintThresholdsCommand
       2  emberAfPluginCountersSendRequestCommand
      38  emberAfPluginCountersSetThresholdCommand
       2  emberAfPluginCountersSimplePrintCommand
     136  titleStrings
       4  unknownCounter

 
 140 bytes in section .data
 636 bytes in section .rodata
 258 bytes in section .text
 
 258 bytes of CODE  memory
 636 bytes of CONST memory
 140 bytes of DATA  memory

Errors: none
Warnings: none
