###############################################################################
#
# IAR ANSI C/C++ Compiler V7.40.3.8902/W32 for ARM        14/Oct/2016  17:34:18
# Copyright 1999-2015 IAR Systems AB.
#
#    Cpu mode     =  thumb
#    Endian       =  little
#    Source file  =  
#        C:\Users\matthew.shing\Documents\Projects\AONE ZigBee Dimmer\AUCH
#        ETRX357\16.09.23
#        Fixedonoff\EmberZNet5.3.0-GA\em35x\hal\micro\generic\mem-util.c
#    Command line =  
#        "C:\Users\matthew.shing\Documents\Projects\AONE ZigBee Dimmer\AUCH
#        ETRX357\16.09.23
#        Fixedonoff\EmberZNet5.3.0-GA\em35x\hal\micro\generic\mem-util.c" -D
#        "GENERATED_TOKEN_HEADER=\"app/builder/Aurora_dimmer/Aurora_dimmer_tokens.h\""
#        -D "ZA_GENERATED_HEADER=\"app/builder/Aurora_dimmer/Aurora_dimmer.h\""
#        -D APP_BTL -D "BOARD_HEADER=\"../../../16.10.14
#        v17/EmberZNet5.3.0-GA/em35x/app/builder/Aurora_dimmer/Aurora_dimmer_board.h\""
#        -D "PLATFORM_HEADER=\"hal/micro/cortexm3/compiler/iar.h\"" -D CORTEXM3
#        -D CORTEXM3_EMBER_MICRO -D CORTEXM3_EM357 -D PHY_EM3XX -D
#        "APPLICATION_TOKEN_HEADER=\"app/framework/util/tokens.h\"" -D
#        "CONFIGURATION_HEADER=\"app/framework/util/config.h\"" -D
#        "ATTRIBUTE_STORAGE_CONFIGURATION=\"app/builder/Aurora_dimmer/Aurora_dimmer_endpoint_config.h\""
#        -D "__SOURCEFILE__=\"mem-util.c\"" -lC
#        "C:\Users\matthew.shing\Documents\Projects\AONE ZigBee Dimmer\AUCH
#        ETRX357\16.10.14 v17\EmberZNet5.3.0-GA\em35x\build\Aurora_dimmer\"
#        --diag_suppress Pa050 -o
#        "C:\Users\matthew.shing\Documents\Projects\AONE ZigBee Dimmer\AUCH
#        ETRX357\16.10.14 v17\EmberZNet5.3.0-GA\em35x\build\Aurora_dimmer\"
#        --debug --endian=little --cpu=Cortex-M3 -e --fpu=None --dlib_config
#        "C:\Program Files (x86)\IAR Systems\Embedded Workbench
#        7.2\arm\INC\c\DLib_Config_Normal.h" -I
#        "C:\Users\matthew.shing\Documents\Projects\AONE ZigBee Dimmer\AUCH
#        ETRX357\16.09.23
#        Fixedonoff\EmberZNet5.3.0-GA\em35x\hal\micro\generic\" -I
#        "C:\Users\matthew.shing\Documents\Projects\AONE ZigBee Dimmer\AUCH
#        ETRX357\16.10.14
#        v17\EmberZNet5.3.0-GA\em35x\app\builder\Aurora_dimmer\" -I
#        "C:\Users\matthew.shing\Documents\Projects\AONE ZigBee Dimmer\AUCH
#        ETRX357\16.10.14
#        v17\EmberZNet5.3.0-GA\em35x\app\builder\Aurora_dimmer\..\..\..\" -I
#        "C:\Users\matthew.shing\Documents\Projects\AONE ZigBee Dimmer\AUCH
#        ETRX357\16.10.14
#        v17\EmberZNet5.3.0-GA\em35x\app\builder\Aurora_dimmer\..\..\..\app\framework\include\"
#        -I "C:\Users\matthew.shing\Documents\Projects\AONE ZigBee Dimmer\AUCH
#        ETRX357\16.10.14
#        v17\EmberZNet5.3.0-GA\em35x\app\builder\Aurora_dimmer\..\..\..\..\..\..\16.09.23
#        Fixedonoff\EmberZNet5.3.0-GA\em35x\" -I
#        "C:\Users\matthew.shing\Documents\Projects\AONE ZigBee Dimmer\AUCH
#        ETRX357\16.10.14
#        v17\EmberZNet5.3.0-GA\em35x\app\builder\Aurora_dimmer\..\..\..\..\..\..\16.09.23
#        Fixedonoff\EmberZNet5.3.0-GA\em35x\stack\" -I
#        "C:\Users\matthew.shing\Documents\Projects\AONE ZigBee Dimmer\AUCH
#        ETRX357\16.10.14
#        v17\EmberZNet5.3.0-GA\em35x\app\builder\Aurora_dimmer\..\..\..\..\..\..\16.09.23
#        Fixedonoff\EmberZNet5.3.0-GA\em35x\hal\" -I
#        "C:\Users\matthew.shing\Documents\Projects\AONE ZigBee Dimmer\AUCH
#        ETRX357\16.10.14
#        v17\EmberZNet5.3.0-GA\em35x\app\builder\Aurora_dimmer\..\..\..\..\..\..\16.09.23
#        Fixedonoff\EmberZNet5.3.0-GA\em35x\hal\..\" -Ohz --use_c++_inline
#    List file    =  
#        C:\Users\matthew.shing\Documents\Projects\AONE ZigBee Dimmer\AUCH
#        ETRX357\16.10.14
#        v17\EmberZNet5.3.0-GA\em35x\build\Aurora_dimmer\mem-util.lst
#    Object file  =  
#        C:\Users\matthew.shing\Documents\Projects\AONE ZigBee Dimmer\AUCH
#        ETRX357\16.10.14
#        v17\EmberZNet5.3.0-GA\em35x\build\Aurora_dimmer\mem-util.o
#
###############################################################################

C:\Users\matthew.shing\Documents\Projects\AONE ZigBee Dimmer\AUCH ETRX357\16.09.23 Fixedonoff\EmberZNet5.3.0-GA\em35x\hal\micro\generic\mem-util.c
      1          /*
      2           * File: hal/micro/generic/mem-util.c
      3           * Description: generic memory manipulation routines.
      4           *
      5           * Author(s): Lee Taylor, lee@ember.com,
      6           *            Jeff Mathews, jm@ember.com
      7           *
      8           * Copyright 2004 by Ember Corporation. All rights reserved.                *80*
      9           */
     10          
     11          #include PLATFORM_HEADER
     12          #include "stack/include/ember-types.h"
     13          #include "include/error.h"
     14          
     15          #include "hal/hal.h"
     16          
     17          #if !defined(XAP2B) && !defined(UNIX)
     18          // A version of memcopy that can handle overlapping source and
     19          // destination regions.
     20          

   \                                 In section .text, align 2, keep-with-next
     21          void halCommonMemCopy(void *dest, const void *src, int16u bytes)
     22          {
     23            int8u *d = (int8u *)dest;
     24            int8u *s = (int8u *)src;
     25          
     26            if (d > s) {
   \                     halCommonMemCopy: (+1)
   \   00000000   0x4281             CMP      R1,R0
   \   00000002   0xD233             BCS.N    ??halCommonMemCopy_0
     27              d += bytes - 1;
   \   00000004   0x1810             ADDS     R0,R2,R0
     28              s += bytes - 1;
   \   00000006   0x1851             ADDS     R1,R2,R1
   \   00000008   0x1E40             SUBS     R0,R0,#+1
   \   0000000A   0x1E49             SUBS     R1,R1,#+1
   \   0000000C   0xE010             B.N      ??halCommonMemCopy_1
     29              #ifndef _HAL_SMALL_MEMUTILS_
     30                while(bytes >= 4) {
     31                  bytes -= 4;
     32                  *d-- = *s--;
   \                     ??halCommonMemCopy_2: (+1)
   \   0000000E   0xF811 0x3901      LDRB     R3,[R1], #-1
   \   00000012   0xF800 0x3901      STRB     R3,[R0], #-1
   \   00000016   0x1F12             SUBS     R2,R2,#+4
     33                  *d-- = *s--;
   \   00000018   0xF811 0x3901      LDRB     R3,[R1], #-1
   \   0000001C   0xF800 0x3901      STRB     R3,[R0], #-1
     34                  *d-- = *s--;
   \   00000020   0xF811 0x3901      LDRB     R3,[R1], #-1
   \   00000024   0xF800 0x3901      STRB     R3,[R0], #-1
     35                  *d-- = *s--;
   \   00000028   0xF811 0x3901      LDRB     R3,[R1], #-1
   \   0000002C   0xF800 0x3901      STRB     R3,[R0], #-1
     36                }
   \                     ??halCommonMemCopy_1: (+1)
   \   00000030   0xB292             UXTH     R2,R2
   \   00000032   0x2A04             CMP      R2,#+4
   \   00000034   0xDAEB             BGE.N    ??halCommonMemCopy_2
     37              #endif // _HAL_SMALL_MEMUTILS_
     38              for(; bytes; bytes--) {
   \                     ??halCommonMemCopy_3: (+1)
   \   00000036   0xB292             UXTH     R2,R2
   \   00000038   0x2A00             CMP      R2,#+0
   \   0000003A   0xBF1E             ITTT     NE 
   \   0000003C   0xF811 0x3901      LDRBNE   R3,[R1], #-1
   \   00000040   0xF800 0x3901      STRBNE   R3,[R0], #-1
   \   00000044   0x1E52             SUBNE    R2,R2,#+1
     39                *d-- = *s--;
   \   00000046   0xD1F6             BNE.N    ??halCommonMemCopy_3
   \   00000048   0x4770             BX       LR
     40              }
     41            } else {
     42              #ifndef _HAL_SMALL_MEMUTILS_
     43                while(bytes >= 4) {
     44                  bytes -= 4;
     45                  *d++ = *s++;
   \                     ??halCommonMemCopy_4: (+1)
   \   0000004A   0xF811 0x3B01      LDRB     R3,[R1], #+1
   \   0000004E   0xF800 0x3B01      STRB     R3,[R0], #+1
   \   00000052   0x1F12             SUBS     R2,R2,#+4
     46                  *d++ = *s++;
   \   00000054   0xF811 0x3B01      LDRB     R3,[R1], #+1
   \   00000058   0xF800 0x3B01      STRB     R3,[R0], #+1
     47                  *d++ = *s++;
   \   0000005C   0xF811 0x3B01      LDRB     R3,[R1], #+1
   \   00000060   0xF800 0x3B01      STRB     R3,[R0], #+1
     48                  *d++ = *s++;
   \   00000064   0xF811 0x3B01      LDRB     R3,[R1], #+1
   \   00000068   0xF800 0x3B01      STRB     R3,[R0], #+1
     49                }
   \                     ??halCommonMemCopy_0: (+1)
   \   0000006C   0xB292             UXTH     R2,R2
   \   0000006E   0x2A04             CMP      R2,#+4
   \   00000070   0xDAEB             BGE.N    ??halCommonMemCopy_4
     50              #endif // _HAL_SMALL_MEMUTILS_
     51              for(; bytes; bytes--) {
   \                     ??halCommonMemCopy_5: (+1)
   \   00000072   0xB292             UXTH     R2,R2
   \   00000074   0x2A00             CMP      R2,#+0
   \   00000076   0xBF1E             ITTT     NE 
   \   00000078   0xF811 0x3B01      LDRBNE   R3,[R1], #+1
   \   0000007C   0xF800 0x3B01      STRBNE   R3,[R0], #+1
   \   00000080   0x1E52             SUBNE    R2,R2,#+1
     52                *d++ = *s++;
   \   00000082   0xD1F6             BNE.N    ??halCommonMemCopy_5
     53              }
     54            }
     55          }
   \   00000084   0x4770             BX       LR               ;; return
     56          
     57          // Same as above except copies from Program space to RAM.
     58          // This routine never has to worry about overlapping source and dest

   \                                 In section .text, align 2, keep-with-next
     59          void halCommonMemPGMCopy(void* dest, const void PGM_NO_CONST *source, int16u bytes)
     60          {
     61            int8u *d = (int8u *)dest;
     62            PGM_PU s = (PGM_PU)source;
   \                     halCommonMemPGMCopy: (+1)
   \   00000000   0xE010             B.N      ??halCommonMemPGMCopy_0
     63          
     64            #ifndef _HAL_SMALL_MEMUTILS_
     65              while(bytes >= 4) {
     66                bytes -= 4;
     67                *d++ = *s++;
   \                     ??halCommonMemPGMCopy_1: (+1)
   \   00000002   0xF811 0x3B01      LDRB     R3,[R1], #+1
   \   00000006   0xF800 0x3B01      STRB     R3,[R0], #+1
   \   0000000A   0x1F12             SUBS     R2,R2,#+4
     68                *d++ = *s++;
   \   0000000C   0xF811 0x3B01      LDRB     R3,[R1], #+1
   \   00000010   0xF800 0x3B01      STRB     R3,[R0], #+1
     69                *d++ = *s++;
   \   00000014   0xF811 0x3B01      LDRB     R3,[R1], #+1
   \   00000018   0xF800 0x3B01      STRB     R3,[R0], #+1
     70                *d++ = *s++;
   \   0000001C   0xF811 0x3B01      LDRB     R3,[R1], #+1
   \   00000020   0xF800 0x3B01      STRB     R3,[R0], #+1
     71              }
   \                     ??halCommonMemPGMCopy_0: (+1)
   \   00000024   0xB292             UXTH     R2,R2
   \   00000026   0x2A04             CMP      R2,#+4
   \   00000028   0xDAEB             BGE.N    ??halCommonMemPGMCopy_1
     72            #endif // _HAL_SMALL_MEMUTILS_
     73            for(; bytes; bytes--) {
   \                     ??halCommonMemPGMCopy_2: (+1)
   \   0000002A   0xB292             UXTH     R2,R2
   \   0000002C   0x2A00             CMP      R2,#+0
   \   0000002E   0xBF1E             ITTT     NE 
   \   00000030   0xF811 0x3B01      LDRBNE   R3,[R1], #+1
   \   00000034   0xF800 0x3B01      STRBNE   R3,[R0], #+1
   \   00000038   0x1E52             SUBNE    R2,R2,#+1
     74              *d++ = *s++;
   \   0000003A   0xD1F6             BNE.N    ??halCommonMemPGMCopy_2
     75            }
     76          }
   \   0000003C   0x4770             BX       LR               ;; return
     77          

   \                                 In section .text, align 2, keep-with-next
     78          void halCommonMemSet(void *dest, int8u val, int16u bytes)
     79          {
   \                     halCommonMemSet: (+1)
   \   00000000   0x0013             MOVS     R3,R2
     80            int8u *d=(int8u *)dest;
     81          
     82            for(;bytes;bytes--) {
   \   00000002   0xD003             BEQ.N    ??halCommonMemSet_0
     83              *d++ = val;
   \   00000004   0x460A             MOV      R2,R1
   \   00000006   0x4619             MOV      R1,R3
   \   00000008   0x.... 0x....      B.W      __aeabi_memset
     84            }
     85          }
   \                     ??halCommonMemSet_0: (+1)
   \   0000000C   0x4770             BX       LR               ;; return
     86          

   \                                 In section .text, align 2, keep-with-next
     87          int8s halCommonMemCompare(const void *source0, const void *source1, int16u bytes)
     88          {
   \                     halCommonMemCompare: (+1)
   \   00000000   0xB510             PUSH     {R4,LR}
     89            int8u *s0 = (int8u *)source0;
     90            int8u *s1 = (int8u *)source1;
   \   00000002   0xE000             B.N      ??halCommonMemCompare_0
     91          
     92            for(; 0 < bytes; bytes--, s0++, s1++) {
   \                     ??halCommonMemCompare_1: (+1)
   \   00000004   0x1E52             SUBS     R2,R2,#+1
   \                     ??halCommonMemCompare_0: (+1)
   \   00000006   0xB292             UXTH     R2,R2
   \   00000008   0xB11A             CBZ.N    R2,??halCommonMemCompare_2
     93              int8u b0 = *s0;
   \   0000000A   0x.... 0x....      BL       ?Subroutine1
     94              int8u b1 = *s1;
     95              if (b0 != b1)
   \                     ??CrossCallReturnLabel_0: (+1)
   \   0000000E   0xD0F9             BEQ.N    ??halCommonMemCompare_1
     96                return b0 - b1;
   \   00000010   0x....             B.N      ?Subroutine0
     97            }
     98            return 0;
   \                     ??halCommonMemCompare_2: (+1)
   \   00000012   0x2000             MOVS     R0,#+0
   \   00000014   0xBD10             POP      {R4,PC}          ;; return
     99          }

   \                                 In section .text, align 2, keep-with-next
   \                     ?Subroutine1: (+1)
   \   00000000   0xF810 0x3B01      LDRB     R3,[R0], #+1
   \   00000004   0xF811 0x4B01      LDRB     R4,[R1], #+1
   \   00000008   0x42A3             CMP      R3,R4
   \   0000000A   0x4770             BX       LR

   \                                 In section .text, align 2, keep-with-next
   \                     ?Subroutine0: (+1)
   \   00000000   0x1B18             SUBS     R0,R3,R4
   \   00000002   0xB240             SXTB     R0,R0
   \   00000004   0xBD10             POP      {R4,PC}
    100          
    101          // Test code for halCommonMemCompare().  There is no good place for unit tests
    102          // for this file.  If you change the function you should probably rerun the
    103          // test.
    104          //  {
    105          //    int8u s0[3] = { 0, 0, 0};
    106          //    int8u s1[3] = { 0, 0, 0};
    107          //    int8u i;
    108          //    assert(halCommonMemCompare(s0, s1, 0) == 0);
    109          //    assert(halCommonMemCompare(s0, s1, 3) == 0);
    110          //    for (i = 0; i < 3; i++) {
    111          //      s0[i] = 1;
    112          //      assert(halCommonMemCompare(s0, s1, 3) > 0);
    113          //      s1[i] = 2;
    114          //      assert(halCommonMemCompare(s0, s1, 3) < 0);
    115          //      s0[i] = 2;
    116          //    }
    117          //  }
    118          
    119          // Same again, except that the second source is in program space.
    120          

   \                                 In section .text, align 2, keep-with-next
    121          int8s halCommonMemPGMCompare(const void *source0, const void PGM_NO_CONST *source1, int16u bytes)
    122          {
   \                     halCommonMemPGMCompare: (+1)
   \   00000000   0xB510             PUSH     {R4,LR}
    123            int8u *s0 = (int8u *)source0;
    124            int8u PGM *s1 = (int8u PGM *)source1;
   \   00000002   0xE000             B.N      ??halCommonMemPGMCompare_0
    125          
    126            for(; 0 < bytes; bytes--, s0++, s1++) {
   \                     ??halCommonMemPGMCompare_1: (+1)
   \   00000004   0x1E52             SUBS     R2,R2,#+1
   \                     ??halCommonMemPGMCompare_0: (+1)
   \   00000006   0xB292             UXTH     R2,R2
   \   00000008   0xB11A             CBZ.N    R2,??halCommonMemPGMCompare_2
    127              int8u b0 = *s0;
   \   0000000A   0x.... 0x....      BL       ?Subroutine1
    128              int8u b1 = *s1;
    129              if (b0 != b1)
   \                     ??CrossCallReturnLabel_1: (+1)
   \   0000000E   0xD0F9             BEQ.N    ??halCommonMemPGMCompare_1
    130                return b0 - b1;
   \   00000010   0x....             B.N      ?Subroutine0
    131            }
    132            return 0;
   \                     ??halCommonMemPGMCompare_2: (+1)
   \   00000012   0x2000             MOVS     R0,#+0
   \   00000014   0xBD10             POP      {R4,PC}          ;; return
    133          }
    134          #endif

   Maximum stack usage in bytes:

   .cstack Function
   ------- --------
       8   halCommonMemCompare
       0   halCommonMemCopy
       8   halCommonMemPGMCompare
       0   halCommonMemPGMCopy
       0   halCommonMemSet


   Section sizes:

   Bytes  Function/Label
   -----  --------------
       6  ?Subroutine0
      12  ?Subroutine1
      22  halCommonMemCompare
     134  halCommonMemCopy
      22  halCommonMemPGMCompare
      62  halCommonMemPGMCopy
      14  halCommonMemSet

 
 272 bytes in section .text
 
 272 bytes of CODE memory

Errors: none
Warnings: none
