###############################################################################
#
# IAR ANSI C/C++ Compiler V7.40.3.8902/W32 for ARM        14/Oct/2016  17:34:22
# Copyright 1999-2015 IAR Systems AB.
#
#    Cpu mode     =  thumb
#    Endian       =  little
#    Source file  =  
#        C:\Users\matthew.shing\Documents\Projects\AONE ZigBee Dimmer\AUCH
#        ETRX357\16.10.14
#        v17\EmberZNet5.3.0-GA\em35x\app\framework\plugin\ota-bootload\ota-bootload-cli.c
#    Command line =  
#        "C:\Users\matthew.shing\Documents\Projects\AONE ZigBee Dimmer\AUCH
#        ETRX357\16.10.14
#        v17\EmberZNet5.3.0-GA\em35x\app\framework\plugin\ota-bootload\ota-bootload-cli.c"
#        -D
#        "GENERATED_TOKEN_HEADER=\"app/builder/Aurora_dimmer/Aurora_dimmer_tokens.h\""
#        -D "ZA_GENERATED_HEADER=\"app/builder/Aurora_dimmer/Aurora_dimmer.h\""
#        -D APP_BTL -D "BOARD_HEADER=\"../../../16.10.14
#        v17/EmberZNet5.3.0-GA/em35x/app/builder/Aurora_dimmer/Aurora_dimmer_board.h\""
#        -D "PLATFORM_HEADER=\"hal/micro/cortexm3/compiler/iar.h\"" -D CORTEXM3
#        -D CORTEXM3_EMBER_MICRO -D CORTEXM3_EM357 -D PHY_EM3XX -D
#        "APPLICATION_TOKEN_HEADER=\"app/framework/util/tokens.h\"" -D
#        "CONFIGURATION_HEADER=\"app/framework/util/config.h\"" -D
#        "ATTRIBUTE_STORAGE_CONFIGURATION=\"app/builder/Aurora_dimmer/Aurora_dimmer_endpoint_config.h\""
#        -D "__SOURCEFILE__=\"ota-bootload-cli.c\"" -lC
#        "C:\Users\matthew.shing\Documents\Projects\AONE ZigBee Dimmer\AUCH
#        ETRX357\16.10.14 v17\EmberZNet5.3.0-GA\em35x\build\Aurora_dimmer\"
#        --diag_suppress Pa050 -o
#        "C:\Users\matthew.shing\Documents\Projects\AONE ZigBee Dimmer\AUCH
#        ETRX357\16.10.14 v17\EmberZNet5.3.0-GA\em35x\build\Aurora_dimmer\"
#        --debug --endian=little --cpu=Cortex-M3 -e --fpu=None --dlib_config
#        "C:\Program Files (x86)\IAR Systems\Embedded Workbench
#        7.2\arm\INC\c\DLib_Config_Normal.h" -I
#        "C:\Users\matthew.shing\Documents\Projects\AONE ZigBee Dimmer\AUCH
#        ETRX357\16.10.14
#        v17\EmberZNet5.3.0-GA\em35x\app\framework\plugin\ota-bootload\" -I
#        "C:\Users\matthew.shing\Documents\Projects\AONE ZigBee Dimmer\AUCH
#        ETRX357\16.10.14
#        v17\EmberZNet5.3.0-GA\em35x\app\builder\Aurora_dimmer\" -I
#        "C:\Users\matthew.shing\Documents\Projects\AONE ZigBee Dimmer\AUCH
#        ETRX357\16.10.14
#        v17\EmberZNet5.3.0-GA\em35x\app\builder\Aurora_dimmer\..\..\..\" -I
#        "C:\Users\matthew.shing\Documents\Projects\AONE ZigBee Dimmer\AUCH
#        ETRX357\16.10.14
#        v17\EmberZNet5.3.0-GA\em35x\app\builder\Aurora_dimmer\..\..\..\app\framework\include\"
#        -I "C:\Users\matthew.shing\Documents\Projects\AONE ZigBee Dimmer\AUCH
#        ETRX357\16.10.14
#        v17\EmberZNet5.3.0-GA\em35x\app\builder\Aurora_dimmer\..\..\..\..\..\..\16.09.23
#        Fixedonoff\EmberZNet5.3.0-GA\em35x\" -I
#        "C:\Users\matthew.shing\Documents\Projects\AONE ZigBee Dimmer\AUCH
#        ETRX357\16.10.14
#        v17\EmberZNet5.3.0-GA\em35x\app\builder\Aurora_dimmer\..\..\..\..\..\..\16.09.23
#        Fixedonoff\EmberZNet5.3.0-GA\em35x\stack\" -I
#        "C:\Users\matthew.shing\Documents\Projects\AONE ZigBee Dimmer\AUCH
#        ETRX357\16.10.14
#        v17\EmberZNet5.3.0-GA\em35x\app\builder\Aurora_dimmer\..\..\..\..\..\..\16.09.23
#        Fixedonoff\EmberZNet5.3.0-GA\em35x\hal\" -I
#        "C:\Users\matthew.shing\Documents\Projects\AONE ZigBee Dimmer\AUCH
#        ETRX357\16.10.14
#        v17\EmberZNet5.3.0-GA\em35x\app\builder\Aurora_dimmer\..\..\..\..\..\..\16.09.23
#        Fixedonoff\EmberZNet5.3.0-GA\em35x\hal\..\" -Ohz --use_c++_inline
#    List file    =  
#        C:\Users\matthew.shing\Documents\Projects\AONE ZigBee Dimmer\AUCH
#        ETRX357\16.10.14
#        v17\EmberZNet5.3.0-GA\em35x\build\Aurora_dimmer\ota-bootload-cli.lst
#    Object file  =  
#        C:\Users\matthew.shing\Documents\Projects\AONE ZigBee Dimmer\AUCH
#        ETRX357\16.10.14
#        v17\EmberZNet5.3.0-GA\em35x\build\Aurora_dimmer\ota-bootload-cli.o
#
###############################################################################

C:\Users\matthew.shing\Documents\Projects\AONE ZigBee Dimmer\AUCH ETRX357\16.10.14 v17\EmberZNet5.3.0-GA\em35x\app\framework\plugin\ota-bootload\ota-bootload-cli.c
      1          // *******************************************************************
      2          // * ota-bootload-cli.c
      3          // *
      4          // * Bootload specific commands
      5          // * 
      6          // * Copyright 2009 by Ember Corporation. All rights reserved.              *80*
      7          // *******************************************************************
      8          
      9          #include "app/framework/include/af.h"
     10          #include "app/util/serial/command-interpreter2.h"
     11          #include "app/framework/plugin/ota-common/ota.h"
     12          
     13          #include "hal/micro/bootloader-interface.h"
     14          
     15          //------------------------------------------------------------------------------
     16          // Forward Declarations
     17          
     18          void printBootloaderInfoCommand(void);
     19          
     20          #ifndef EMBER_AF_GENERATE_CLI
     21          EmberCommandEntry emberAfPluginOtaBootloadCommands[] = {
     22            emberCommandEntryAction("info", printBootloaderInfoCommand, "", 
     23                                    "Print information about the installed bootloader."),
     24            emberCommandEntryTerminator(),
     25          };
     26          #endif // EMBER_AF_GENERATE_CLI
     27          
     28          //------------------------------------------------------------------------------
     29          
     30          

   \                                 In section .text, align 2, keep-with-next
     31          void printBootloaderInfoCommand(void)
     32          {
   \                     printBootloaderInfoCommand: (+1)
   \   00000000   0xB510             PUSH     {R4,LR}
   \   00000002   0xB086             SUB      SP,SP,#+24
     33          #if !defined(EZSP_HOST)
     34            BlExtendedType blExtendedType = halBootloaderGetInstalledType();
   \   00000004   0x.... 0x....      BL       halBootloaderGetInstalledType
   \   00000008   0x4604             MOV      R4,R0
     35            int32u emberVersion;
     36            int32u customVersion;
     37            int8u keyData[EMBER_ENCRYPTION_KEY_SIZE];
     38            halGetExtendedBootloaderVersion(&emberVersion, &customVersion);
   \   0000000A   0xA900             ADD      R1,SP,#+0
   \   0000000C   0xA801             ADD      R0,SP,#+4
   \   0000000E   0x.... 0x....      BL       halGetExtendedBootloaderVersion
     39            otaPrintln("Installed Type (Base):      0x%X",  halBootloaderGetType());
   \   00000012   0x.... 0x....      BL       halBootloaderGetType
   \   00000016   0x4602             MOV      R2,R0
   \   00000018   0x.... 0x....      ADR.W    R1,?_0
   \   0000001C   0x.... 0x....      BL       ?Subroutine0
     40            otaPrintln("Installed Type (Extended):  0x%2X", blExtendedType);
   \                     ??CrossCallReturnLabel_4: (+1)
   \   00000020   0x4622             MOV      R2,R4
   \   00000022   0x.... 0x....      ADR.W    R1,?_1
   \   00000026   0x.... 0x....      BL       ?Subroutine0
     41            otaPrintln("Bootloader Version:         0x%2X", halGetBootloaderVersion());
   \                     ??CrossCallReturnLabel_3: (+1)
   \   0000002A   0x.... 0x....      BL       halGetBootloaderVersion
   \   0000002E   0x4602             MOV      R2,R0
   \   00000030   0x.... 0x....      ADR.W    R1,?_2
   \   00000034   0x.... 0x....      BL       ?Subroutine0
     42            otaPrintln("Bootloader Version, Ember:  0x%4X", emberVersion);
   \                     ??CrossCallReturnLabel_2: (+1)
   \   00000038   0x9A01             LDR      R2,[SP, #+4]
   \   0000003A   0x.... 0x....      ADR.W    R1,?_3
   \   0000003E   0x.... 0x....      BL       ?Subroutine0
     43            otaPrintln("Bootloader Version, Custom: 0x%4X", customVersion);
   \                     ??CrossCallReturnLabel_1: (+1)
   \   00000042   0x9A00             LDR      R2,[SP, #+0]
   \   00000044   0x.... 0x....      ADR.W    R1,?_4
   \   00000048   0x.... 0x....      BL       ?Subroutine0
     44          
     45          #if defined(EMBER_TEST)
     46            MEMSET(keyData, 0xFF, EMBER_ENCRYPTION_KEY_SIZE);
     47          #else
     48            halCommonGetToken(keyData, TOKEN_MFG_SECURE_BOOTLOADER_KEY);
   \                     ??CrossCallReturnLabel_0: (+1)
   \   0000004C   0x....             LDR.N    R0,??DataTable7_1
   \   0000004E   0x8801             LDRH     R1,[R0, #+0]
   \   00000050   0x2310             MOVS     R3,#+16
   \   00000052   0x227F             MOVS     R2,#+127
   \   00000054   0xA802             ADD      R0,SP,#+8
   \   00000056   0x.... 0x....      BL       halInternalGetTokenData
     49          #endif
     50          
     51            otaPrint  ("Secure Bootloader Key:      ");
   \   0000005A   0x.... 0x....      ADR.W    R1,?_5
   \   0000005E   0x2040             MOVS     R0,#+64
   \   00000060   0x.... 0x....      BL       emberAfPrint
     52            emberAfPrintZigbeeKey(keyData);
   \   00000064   0xA802             ADD      R0,SP,#+8
   \   00000066   0x.... 0x....      BL       printZigbeeKey
     53            otaPrintln("");
   \   0000006A   0x....             ADR.N    R1,??DataTable7  ;; ""
   \   0000006C   0x2040             MOVS     R0,#+64
   \   0000006E   0x.... 0x....      BL       emberAfPrintln
     54          
     55          #else
     56            otaPrintln("Unsupported on EZSP Host");
     57          #endif
     58          
     59          }
   \   00000072   0xB006             ADD      SP,SP,#+24
   \   00000074   0xBD10             POP      {R4,PC}          ;; return

   \                                 In section .text, align 2, keep-with-next
   \                     ?Subroutine0: (+1)
   \   00000000   0x2040             MOVS     R0,#+64
   \   00000002   0x.... 0x....      B.W      emberAfPrintln

   \                                 In section .text, align 4, keep-with-next
   \                     ??DataTable7:
   \   00000000   0x00 0x00          DC8      "",0x0,0x0,0x0
   \              0x00 0x00    

   \                                 In section .text, align 4, keep-with-next
   \                     ??DataTable7_1:
   \   00000000   0x........         DC32     TOKEN_MFG_SECURE_BOOTLOADER_KEY

   \                                 In section .rodata, align 1, keep-with-next
   \                     ?_6:
   \   00000000   0x00               DC8 ""

   \                                 In section .text, align 4, keep-with-next
   \                     ?_0:
   \   00000000   0x49 0x6E          DC8 "Installed Type (Base):      0x%X"
   \              0x73 0x74    
   \              0x61 0x6C    
   \              0x6C 0x65    
   \              0x64 0x20    
   \              0x54 0x79    
   \              0x70 0x65    
   \              0x20 0x28    
   \              0x42 0x61    
   \              0x73 0x65    
   \              0x29 0x3A    
   \              0x20 0x20    
   \              0x20 0x20    
   \              0x20 0x20    
   \              0x30 0x78    
   \              0x25 0x58    
   \              0x00         
   \   00000021   0x00 0x00          DC8 0, 0, 0
   \              0x00         

   \                                 In section .text, align 4, keep-with-next
   \                     ?_1:
   \   00000000   0x49 0x6E          DC8 "Installed Type (Extended):  0x%2X"
   \              0x73 0x74    
   \              0x61 0x6C    
   \              0x6C 0x65    
   \              0x64 0x20    
   \              0x54 0x79    
   \              0x70 0x65    
   \              0x20 0x28    
   \              0x45 0x78    
   \              0x74 0x65    
   \              0x6E 0x64    
   \              0x65 0x64    
   \              0x29 0x3A    
   \              0x20 0x20    
   \              0x30 0x78    
   \              0x25 0x32    
   \              0x58 0x00    
   \   00000022   0x00 0x00          DC8 0, 0

   \                                 In section .text, align 4, keep-with-next
   \                     ?_2:
   \   00000000   0x42 0x6F          DC8 "Bootloader Version:         0x%2X"
   \              0x6F 0x74    
   \              0x6C 0x6F    
   \              0x61 0x64    
   \              0x65 0x72    
   \              0x20 0x56    
   \              0x65 0x72    
   \              0x73 0x69    
   \              0x6F 0x6E    
   \              0x3A 0x20    
   \              0x20 0x20    
   \              0x20 0x20    
   \              0x20 0x20    
   \              0x20 0x20    
   \              0x30 0x78    
   \              0x25 0x32    
   \              0x58 0x00    
   \   00000022   0x00 0x00          DC8 0, 0

   \                                 In section .text, align 4, keep-with-next
   \                     ?_3:
   \   00000000   0x42 0x6F          DC8 "Bootloader Version, Ember:  0x%4X"
   \              0x6F 0x74    
   \              0x6C 0x6F    
   \              0x61 0x64    
   \              0x65 0x72    
   \              0x20 0x56    
   \              0x65 0x72    
   \              0x73 0x69    
   \              0x6F 0x6E    
   \              0x2C 0x20    
   \              0x45 0x6D    
   \              0x62 0x65    
   \              0x72 0x3A    
   \              0x20 0x20    
   \              0x30 0x78    
   \              0x25 0x34    
   \              0x58 0x00    
   \   00000022   0x00 0x00          DC8 0, 0

   \                                 In section .text, align 4, keep-with-next
   \                     ?_4:
   \   00000000   0x42 0x6F          DC8 "Bootloader Version, Custom: 0x%4X"
   \              0x6F 0x74    
   \              0x6C 0x6F    
   \              0x61 0x64    
   \              0x65 0x72    
   \              0x20 0x56    
   \              0x65 0x72    
   \              0x73 0x69    
   \              0x6F 0x6E    
   \              0x2C 0x20    
   \              0x43 0x75    
   \              0x73 0x74    
   \              0x6F 0x6D    
   \              0x3A 0x20    
   \              0x30 0x78    
   \              0x25 0x34    
   \              0x58 0x00    
   \   00000022   0x00 0x00          DC8 0, 0

   \                                 In section .text, align 4, keep-with-next
   \                     ?_5:
   \   00000000   0x53 0x65          DC8 "Secure Bootloader Key:      "
   \              0x63 0x75    
   \              0x72 0x65    
   \              0x20 0x42    
   \              0x6F 0x6F    
   \              0x74 0x6C    
   \              0x6F 0x61    
   \              0x64 0x65    
   \              0x72 0x20    
   \              0x4B 0x65    
   \              0x79 0x3A    
   \              0x20 0x20    
   \              0x20 0x20    
   \              0x20 0x20    
   \              0x00         
   \   0000001D   0x00 0x00          DC8 0, 0, 0
   \              0x00         

   Maximum stack usage in bytes:

   .cstack Function
   ------- --------
      32   printBootloaderInfoCommand
        32   -> emberAfPrint
        32   -> emberAfPrintln
        32   -> halBootloaderGetInstalledType
        32   -> halBootloaderGetType
        32   -> halGetBootloaderVersion
        32   -> halGetExtendedBootloaderVersion
        32   -> halInternalGetTokenData
        32   -> printZigbeeKey


   Section sizes:

   Bytes  Function/Label
   -----  --------------
       4  ??DataTable7
       4  ??DataTable7_1
       6  ?Subroutine0
      36  ?_0
      36  ?_1
      36  ?_2
      36  ?_3
      36  ?_4
      32  ?_5
       1  ?_6
     118  printBootloaderInfoCommand

 
   1 byte  in section .rodata
 344 bytes in section .text
 
 344 bytes of CODE  memory
   1 byte  of CONST memory

Errors: none
Warnings: none
