###############################################################################
#
# IAR ANSI C/C++ Compiler V7.40.3.8902/W32 for ARM        14/Oct/2016  17:34:28
# Copyright 1999-2015 IAR Systems AB.
#
#    Cpu mode     =  thumb
#    Endian       =  little
#    Source file  =  
#        C:\Users\matthew.shing\Documents\Projects\AONE ZigBee Dimmer\AUCH
#        ETRX357\16.10.14
#        v17\EmberZNet5.3.0-GA\em35x\app\framework\util\process-cluster-message.c
#    Command line =  
#        "C:\Users\matthew.shing\Documents\Projects\AONE ZigBee Dimmer\AUCH
#        ETRX357\16.10.14
#        v17\EmberZNet5.3.0-GA\em35x\app\framework\util\process-cluster-message.c"
#        -D
#        "GENERATED_TOKEN_HEADER=\"app/builder/Aurora_dimmer/Aurora_dimmer_tokens.h\""
#        -D "ZA_GENERATED_HEADER=\"app/builder/Aurora_dimmer/Aurora_dimmer.h\""
#        -D APP_BTL -D "BOARD_HEADER=\"../../../16.10.14
#        v17/EmberZNet5.3.0-GA/em35x/app/builder/Aurora_dimmer/Aurora_dimmer_board.h\""
#        -D "PLATFORM_HEADER=\"hal/micro/cortexm3/compiler/iar.h\"" -D CORTEXM3
#        -D CORTEXM3_EMBER_MICRO -D CORTEXM3_EM357 -D PHY_EM3XX -D
#        "APPLICATION_TOKEN_HEADER=\"app/framework/util/tokens.h\"" -D
#        "CONFIGURATION_HEADER=\"app/framework/util/config.h\"" -D
#        "ATTRIBUTE_STORAGE_CONFIGURATION=\"app/builder/Aurora_dimmer/Aurora_dimmer_endpoint_config.h\""
#        -D "__SOURCEFILE__=\"process-cluster-message.c\"" -lC
#        "C:\Users\matthew.shing\Documents\Projects\AONE ZigBee Dimmer\AUCH
#        ETRX357\16.10.14 v17\EmberZNet5.3.0-GA\em35x\build\Aurora_dimmer\"
#        --diag_suppress Pa050 -o
#        "C:\Users\matthew.shing\Documents\Projects\AONE ZigBee Dimmer\AUCH
#        ETRX357\16.10.14 v17\EmberZNet5.3.0-GA\em35x\build\Aurora_dimmer\"
#        --debug --endian=little --cpu=Cortex-M3 -e --fpu=None --dlib_config
#        "C:\Program Files (x86)\IAR Systems\Embedded Workbench
#        7.2\arm\INC\c\DLib_Config_Normal.h" -I
#        "C:\Users\matthew.shing\Documents\Projects\AONE ZigBee Dimmer\AUCH
#        ETRX357\16.10.14 v17\EmberZNet5.3.0-GA\em35x\app\framework\util\" -I
#        "C:\Users\matthew.shing\Documents\Projects\AONE ZigBee Dimmer\AUCH
#        ETRX357\16.10.14
#        v17\EmberZNet5.3.0-GA\em35x\app\builder\Aurora_dimmer\" -I
#        "C:\Users\matthew.shing\Documents\Projects\AONE ZigBee Dimmer\AUCH
#        ETRX357\16.10.14
#        v17\EmberZNet5.3.0-GA\em35x\app\builder\Aurora_dimmer\..\..\..\" -I
#        "C:\Users\matthew.shing\Documents\Projects\AONE ZigBee Dimmer\AUCH
#        ETRX357\16.10.14
#        v17\EmberZNet5.3.0-GA\em35x\app\builder\Aurora_dimmer\..\..\..\app\framework\include\"
#        -I "C:\Users\matthew.shing\Documents\Projects\AONE ZigBee Dimmer\AUCH
#        ETRX357\16.10.14
#        v17\EmberZNet5.3.0-GA\em35x\app\builder\Aurora_dimmer\..\..\..\..\..\..\16.09.23
#        Fixedonoff\EmberZNet5.3.0-GA\em35x\" -I
#        "C:\Users\matthew.shing\Documents\Projects\AONE ZigBee Dimmer\AUCH
#        ETRX357\16.10.14
#        v17\EmberZNet5.3.0-GA\em35x\app\builder\Aurora_dimmer\..\..\..\..\..\..\16.09.23
#        Fixedonoff\EmberZNet5.3.0-GA\em35x\stack\" -I
#        "C:\Users\matthew.shing\Documents\Projects\AONE ZigBee Dimmer\AUCH
#        ETRX357\16.10.14
#        v17\EmberZNet5.3.0-GA\em35x\app\builder\Aurora_dimmer\..\..\..\..\..\..\16.09.23
#        Fixedonoff\EmberZNet5.3.0-GA\em35x\hal\" -I
#        "C:\Users\matthew.shing\Documents\Projects\AONE ZigBee Dimmer\AUCH
#        ETRX357\16.10.14
#        v17\EmberZNet5.3.0-GA\em35x\app\builder\Aurora_dimmer\..\..\..\..\..\..\16.09.23
#        Fixedonoff\EmberZNet5.3.0-GA\em35x\hal\..\" -Ohz --use_c++_inline
#    List file    =  
#        C:\Users\matthew.shing\Documents\Projects\AONE ZigBee Dimmer\AUCH
#        ETRX357\16.10.14
#        v17\EmberZNet5.3.0-GA\em35x\build\Aurora_dimmer\process-cluster-message.lst
#    Object file  =  
#        C:\Users\matthew.shing\Documents\Projects\AONE ZigBee Dimmer\AUCH
#        ETRX357\16.10.14
#        v17\EmberZNet5.3.0-GA\em35x\build\Aurora_dimmer\process-cluster-message.o
#
###############################################################################

C:\Users\matthew.shing\Documents\Projects\AONE ZigBee Dimmer\AUCH ETRX357\16.10.14 v17\EmberZNet5.3.0-GA\em35x\app\framework\util\process-cluster-message.c
      1          // *******************************************************************
      2          // * process-cluster-message.c
      3          // *
      4          // * This file contains a function that processes cluster-specific
      5          // * ZCL message.
      6          // *
      7          // * Copyright 2007 by Ember Corporation. All rights reserved.              *80*
      8          // *******************************************************************
      9          
     10          
     11          // this file contains all the common includes for clusters in the zcl-util
     12          #include "common.h"
     13          
     14          // for pulling in defines dealing with EITHER server or client
     15          #include "af-main.h"
     16          
     17          // the EM260 host needs to include the config file
     18          #ifdef EZSP_HOST
     19            #include "config.h"
     20          #endif
     21          
     22          //------------------------------------------------------------------------------
     23          // Forward Declarations
     24          
     25          static boolean parseOtaServerIncomingMessage(EmberAfClusterCommand* cmd);
     26          static boolean parseOtaClientIncomingMessage(EmberAfClusterCommand* cmd);
     27          EmberAfStatus emberAfClusterSpecificCommandParse(EmberAfClusterCommand *cmd);
     28          
     29          //------------------------------------------------------------------------------
     30          

   \                                 In section .text, align 2, keep-with-next
     31          boolean emAfProcessClusterSpecificCommand(EmberAfClusterCommand *cmd)
     32          {
   \                     emAfProcessClusterSpecificCommand: (+1)
   \   00000000   0xB51C             PUSH     {R2-R4,LR}
   \   00000002   0x4604             MOV      R4,R0
     33            EmberAfStatus status;
     34          
     35            // if we are disabled then we can only respond to read or write commands
     36            // or identify cluster (see device enabled attr of basic cluster)
     37            if (!emberAfIsDeviceEnabled(cmd->apsFrame->destinationEndpoint)
     38                && cmd->apsFrame->clusterId != ZCL_IDENTIFY_CLUSTER_ID) {
   \   00000004   0x6820             LDR      R0,[R4, #+0]
   \   00000006   0x7940             LDRB     R0,[R0, #+5]
   \   00000008   0x.... 0x....      BL       emberAfIsDeviceEnabled
   \   0000000C   0x2800             CMP      R0,#+0
   \   0000000E   0x6820             LDR      R0,[R4, #+0]
   \   00000010   0xD10F             BNE.N    ??emAfProcessClusterSpecificCommand_0
   \   00000012   0x8841             LDRH     R1,[R0, #+2]
   \   00000014   0x2903             CMP      R1,#+3
   \   00000016   0xD016             BEQ.N    ??emAfProcessClusterSpecificCommand_1
     39              emberAfCorePrintln("%pd, dropping ep 0x%x clus 0x%2x cmd 0x%x",
     40                                 "disable",
     41                                 cmd->apsFrame->destinationEndpoint,
     42                                 cmd->apsFrame->clusterId,
     43                                 cmd->commandId);
   \   00000018   0x7CE2             LDRB     R2,[R4, #+19]
   \   0000001A   0x9201             STR      R2,[SP, #+4]
   \   0000001C   0x9100             STR      R1,[SP, #+0]
   \   0000001E   0x7943             LDRB     R3,[R0, #+5]
   \   00000020   0x.... 0x....      ADR.W    R2,?_1
   \   00000024   0x.... 0x....      ADR.W    R1,?_0
   \   00000028   0x2001             MOVS     R0,#+1
   \   0000002A   0x.... 0x....      BL       emberAfPrintln
     44              emberAfSendDefaultResponse(cmd, EMBER_ZCL_STATUS_FAILURE);
   \   0000002E   0x2101             MOVS     R1,#+1
   \   00000030   0xE00E             B.N      ??emAfProcessClusterSpecificCommand_2
     45              return TRUE;
     46            }
     47          
     48          #ifdef ZCL_USING_KEY_ESTABLISHMENT_CLUSTER_CLIENT
     49            if (cmd->apsFrame->clusterId == ZCL_KEY_ESTABLISHMENT_CLUSTER_ID
     50                && cmd->direction == ZCL_DIRECTION_SERVER_TO_CLIENT
     51                && emberAfKeyEstablishmentClusterClientCommandReceivedCallback(cmd)) {
     52              return TRUE;
     53            }
     54          #endif
     55          #ifdef ZCL_USING_KEY_ESTABLISHMENT_CLUSTER_SERVER
     56            if (cmd->apsFrame->clusterId == ZCL_KEY_ESTABLISHMENT_CLUSTER_ID
     57                && cmd->direction == ZCL_DIRECTION_CLIENT_TO_SERVER
     58                && emberAfKeyEstablishmentClusterServerCommandReceivedCallback(cmd)) {
     59              return TRUE;
     60            }
     61          #endif
     62          
     63            if (parseOtaServerIncomingMessage(cmd)) {
     64              return TRUE;
     65            } else if (parseOtaClientIncomingMessage(cmd)) {
   \                     ??emAfProcessClusterSpecificCommand_0: (+1)
   \   00000032   0x8840             LDRH     R0,[R0, #+2]
   \   00000034   0x2819             CMP      R0,#+25
   \   00000036   0xBF04             ITT      EQ 
   \   00000038   0x7D60             LDRBEQ   R0,[R4, #+21]
   \   0000003A   0x2801             CMPEQ    R0,#+1
   \   0000003C   0xD103             BNE.N    ??emAfProcessClusterSpecificCommand_1
   \   0000003E   0x4620             MOV      R0,R4
   \   00000040   0x.... 0x....      BL       emberAfOtaClientIncomingMessageRawCallback
   \   00000044   0xE007             B.N      ??emAfProcessClusterSpecificCommand_3
     66              return TRUE;
     67            }
     68          
     69            // Pass the command to the generated command parser for processing
     70            status = emberAfClusterSpecificCommandParse(cmd);
   \                     ??emAfProcessClusterSpecificCommand_1: (+1)
   \   00000046   0x4620             MOV      R0,R4
   \   00000048   0x.... 0x....      BL       emberAfClusterSpecificCommandParse
     71            if (status != EMBER_ZCL_STATUS_SUCCESS) {
   \   0000004C   0xB118             CBZ.N    R0,??emAfProcessClusterSpecificCommand_3
     72              emberAfSendDefaultResponse(cmd, status);
   \   0000004E   0x4601             MOV      R1,R0
   \                     ??emAfProcessClusterSpecificCommand_2: (+1)
   \   00000050   0x4620             MOV      R0,R4
   \   00000052   0x.... 0x....      BL       emberAfSendDefaultResponse
     73            }
     74          
     75            return TRUE;
   \                     ??emAfProcessClusterSpecificCommand_3: (+1)
   \   00000056   0x2001             MOVS     R0,#+1
   \   00000058   0xBD16             POP      {R1,R2,R4,PC}    ;; return
     76          }

   \                                 In section .text, align 4, keep-with-next
   \                     ?_0:
   \   00000000   0x25 0x70          DC8 "%pd, dropping ep 0x%x clus 0x%2x cmd 0x%x"
   \              0x64 0x2C    
   \              0x20 0x64    
   \              0x72 0x6F    
   \              0x70 0x70    
   \              0x69 0x6E    
   \              0x67 0x20    
   \              0x65 0x70    
   \              0x20 0x30    
   \              0x78 0x25    
   \              0x78 0x20    
   \              0x63 0x6C    
   \              0x75 0x73    
   \              0x20 0x30    
   \              0x78 0x25    
   \              0x32 0x78    
   \              0x20 0x63    
   \              0x6D 0x64    
   \              0x20 0x30    
   \              0x78 0x25    
   \              0x78 0x00    
   \   0000002A   0x00 0x00          DC8 0, 0

   \                                 In section .text, align 4, keep-with-next
   \                     ?_1:
   \   00000000   0x64 0x69          DC8 "disable"
   \              0x73 0x61    
   \              0x62 0x6C    
   \              0x65 0x00    
     77          
     78          static boolean parseOtaServerIncomingMessage(EmberAfClusterCommand* cmd)
     79          {
     80          #if defined(EMBER_CALLBACK_OTA_SERVER_INCOMING_MESSAGE_RAW)
     81            if (cmd->apsFrame->clusterId == ZCL_OTA_BOOTLOAD_CLUSTER_ID
     82                && cmd->direction == ZCL_DIRECTION_CLIENT_TO_SERVER) {
     83              emberAfOtaServerIncomingMessageRawCallback(cmd);
     84              return TRUE;
     85            }
     86          #endif
     87          
     88            return FALSE;
     89          }
     90          
     91          static boolean parseOtaClientIncomingMessage(EmberAfClusterCommand* cmd)
     92          {
     93          #if defined(EMBER_CALLBACK_OTA_CLIENT_INCOMING_MESSAGE_RAW)
     94            if (cmd->apsFrame->clusterId == ZCL_OTA_BOOTLOAD_CLUSTER_ID
     95                && cmd->direction == ZCL_DIRECTION_SERVER_TO_CLIENT) {
     96              emberAfOtaClientIncomingMessageRawCallback(cmd);
     97              return TRUE;
     98            }
     99          #endif
    100          
    101            return FALSE;
    102          }

   Maximum stack usage in bytes:

   .cstack Function
   ------- --------
      16   emAfProcessClusterSpecificCommand
        16   -> emberAfClusterSpecificCommandParse
        16   -> emberAfIsDeviceEnabled
        16   -> emberAfOtaClientIncomingMessageRawCallback
        16   -> emberAfPrintln
        16   -> emberAfSendDefaultResponse


   Section sizes:

   Bytes  Function/Label
   -----  --------------
      44  ?_0
       8  ?_1
      90  emAfProcessClusterSpecificCommand

 
 142 bytes in section .text
 
 142 bytes of CODE memory

Errors: none
Warnings: none
