###############################################################################
#
# IAR ANSI C/C++ Compiler V7.40.3.8902/W32 for ARM        14/Oct/2016  17:34:33
# Copyright 1999-2015 IAR Systems AB.
#
#    Cpu mode     =  thumb
#    Endian       =  little
#    Source file  =  
#        C:\Users\matthew.shing\Documents\Projects\AONE ZigBee Dimmer\AUCH
#        ETRX357\16.10.14
#        v17\EmberZNet5.3.0-GA\em35x\app\builder\Aurora_dimmer\stack-handler-stub.c
#    Command line =  
#        "C:\Users\matthew.shing\Documents\Projects\AONE ZigBee Dimmer\AUCH
#        ETRX357\16.10.14
#        v17\EmberZNet5.3.0-GA\em35x\app\builder\Aurora_dimmer\stack-handler-stub.c"
#        -D
#        "GENERATED_TOKEN_HEADER=\"app/builder/Aurora_dimmer/Aurora_dimmer_tokens.h\""
#        -D "ZA_GENERATED_HEADER=\"app/builder/Aurora_dimmer/Aurora_dimmer.h\""
#        -D APP_BTL -D "BOARD_HEADER=\"../../../16.10.14
#        v17/EmberZNet5.3.0-GA/em35x/app/builder/Aurora_dimmer/Aurora_dimmer_board.h\""
#        -D "PLATFORM_HEADER=\"hal/micro/cortexm3/compiler/iar.h\"" -D CORTEXM3
#        -D CORTEXM3_EMBER_MICRO -D CORTEXM3_EM357 -D PHY_EM3XX -D
#        "APPLICATION_TOKEN_HEADER=\"app/framework/util/tokens.h\"" -D
#        "CONFIGURATION_HEADER=\"app/framework/util/config.h\"" -D
#        "ATTRIBUTE_STORAGE_CONFIGURATION=\"app/builder/Aurora_dimmer/Aurora_dimmer_endpoint_config.h\""
#        -D "__SOURCEFILE__=\"stack-handler-stub.c\"" -lC
#        "C:\Users\matthew.shing\Documents\Projects\AONE ZigBee Dimmer\AUCH
#        ETRX357\16.10.14 v17\EmberZNet5.3.0-GA\em35x\build\Aurora_dimmer\"
#        --diag_suppress Pa050 -o
#        "C:\Users\matthew.shing\Documents\Projects\AONE ZigBee Dimmer\AUCH
#        ETRX357\16.10.14 v17\EmberZNet5.3.0-GA\em35x\build\Aurora_dimmer\"
#        --debug --endian=little --cpu=Cortex-M3 -e --fpu=None --dlib_config
#        "C:\Program Files (x86)\IAR Systems\Embedded Workbench
#        7.2\arm\INC\c\DLib_Config_Normal.h" -I
#        "C:\Users\matthew.shing\Documents\Projects\AONE ZigBee Dimmer\AUCH
#        ETRX357\16.10.14
#        v17\EmberZNet5.3.0-GA\em35x\app\builder\Aurora_dimmer\" -I
#        "C:\Users\matthew.shing\Documents\Projects\AONE ZigBee Dimmer\AUCH
#        ETRX357\16.10.14
#        v17\EmberZNet5.3.0-GA\em35x\app\builder\Aurora_dimmer\" -I
#        "C:\Users\matthew.shing\Documents\Projects\AONE ZigBee Dimmer\AUCH
#        ETRX357\16.10.14
#        v17\EmberZNet5.3.0-GA\em35x\app\builder\Aurora_dimmer\..\..\..\" -I
#        "C:\Users\matthew.shing\Documents\Projects\AONE ZigBee Dimmer\AUCH
#        ETRX357\16.10.14
#        v17\EmberZNet5.3.0-GA\em35x\app\builder\Aurora_dimmer\..\..\..\app\framework\include\"
#        -I "C:\Users\matthew.shing\Documents\Projects\AONE ZigBee Dimmer\AUCH
#        ETRX357\16.10.14
#        v17\EmberZNet5.3.0-GA\em35x\app\builder\Aurora_dimmer\..\..\..\..\..\..\16.09.23
#        Fixedonoff\EmberZNet5.3.0-GA\em35x\" -I
#        "C:\Users\matthew.shing\Documents\Projects\AONE ZigBee Dimmer\AUCH
#        ETRX357\16.10.14
#        v17\EmberZNet5.3.0-GA\em35x\app\builder\Aurora_dimmer\..\..\..\..\..\..\16.09.23
#        Fixedonoff\EmberZNet5.3.0-GA\em35x\stack\" -I
#        "C:\Users\matthew.shing\Documents\Projects\AONE ZigBee Dimmer\AUCH
#        ETRX357\16.10.14
#        v17\EmberZNet5.3.0-GA\em35x\app\builder\Aurora_dimmer\..\..\..\..\..\..\16.09.23
#        Fixedonoff\EmberZNet5.3.0-GA\em35x\hal\" -I
#        "C:\Users\matthew.shing\Documents\Projects\AONE ZigBee Dimmer\AUCH
#        ETRX357\16.10.14
#        v17\EmberZNet5.3.0-GA\em35x\app\builder\Aurora_dimmer\..\..\..\..\..\..\16.09.23
#        Fixedonoff\EmberZNet5.3.0-GA\em35x\hal\..\" -Ohz --use_c++_inline
#    List file    =  
#        C:\Users\matthew.shing\Documents\Projects\AONE ZigBee Dimmer\AUCH
#        ETRX357\16.10.14
#        v17\EmberZNet5.3.0-GA\em35x\build\Aurora_dimmer\stack-handler-stub.lst
#    Object file  =  
#        C:\Users\matthew.shing\Documents\Projects\AONE ZigBee Dimmer\AUCH
#        ETRX357\16.10.14
#        v17\EmberZNet5.3.0-GA\em35x\build\Aurora_dimmer\stack-handler-stub.o
#
###############################################################################

C:\Users\matthew.shing\Documents\Projects\AONE ZigBee Dimmer\AUCH ETRX357\16.10.14 v17\EmberZNet5.3.0-GA\em35x\app\builder\Aurora_dimmer\stack-handler-stub.c
      1          // This file is generated by Ember Desktop.  Please do not edit manually.
      2          //
      3          //
      4          
      5          // This c file provides stubs for all callbacks. These stubs
      6          // will be used in the case where user defined implementations
      7          // of the callbacks have not been provided.
      8          #include "app/framework/include/af.h"
      9          // Stubs required for implemented stack handlers.
     10          
     11          
     12          #ifdef EZSP_HOST
     13          #else // ! EZSP_HOST
     14          #endif // EZSP_HOST


 

 


Errors: none
Warnings: none
